-------------------------------------------------------------------------------
Test set: com.invoice_acounting.InvoiceAccountingApplicationTests
-------------------------------------------------------------------------------
Tests run: 1, Failures: 0, Errors: 1, Skipped: 0, Time elapsed: 0.455 s <<< FAILURE! - in com.invoice_acounting.InvoiceAccountingApplicationTests
com.invoice_acounting.InvoiceAccountingApplicationTests  Time elapsed: 0.453 s  <<< ERROR!
java.lang.IllegalStateException: Unable to find a @SpringBootConfiguration, you need to use @ContextConfiguration or @SpringBootTest(classes=...) with your test

