-------------------------------------------------------------------------------
Test set: com.invoice_acounting.InvoiceAccountingApplicationTests
-------------------------------------------------------------------------------
Tests run: 1, Failures: 0, Errors: 1, Skipped: 0, Time elapsed: 10.079 s <<< FAILURE! - in com.invoice_acounting.InvoiceAccountingApplicationTests
contextLoads  Time elapsed: 0.028 s  <<< ERROR!
java.lang.IllegalStateException: Failed to load ApplicationContext
Caused by: org.springframework.beans.factory.UnsatisfiedDependencyException: Error creating bean with name 'quickBookIntegration': Unsatisfied dependency expressed through field 'connectionServiceImpl'; nested exception is org.springframework.beans.factory.UnsatisfiedDependencyException: Error creating bean with name 'connectionServiceImpl': Unsatisfied dependency expressed through field 'connectionDao'; nested exception is org.springframework.beans.factory.UnsatisfiedDependencyException: Error creating bean with name 'connectionDao': Unsatisfied dependency expressed through field 'connectionRepo'; nested exception is org.springframework.beans.factory.BeanCreationException: Error creating bean with name 'connectionRepositery' defined in com.invoice_acounting.repositery.ConnectionRepositery defined in @EnableMongoRepositories declared on MongoRepositoriesRegistrar.EnableMongoRepositoriesConfiguration: Cannot resolve reference to bean 'mongoTemplate' while setting bean property 'mongoOperations'; nested exception is org.springframework.beans.factory.BeanCreationException: Error creating bean with name 'mongoTemplate' defined in class path resource [org/springframework/boot/autoconfigure/data/mongo/MongoDatabaseFactoryDependentConfiguration.class]: Bean instantiation via factory method failed; nested exception is org.springframework.beans.BeanInstantiationException: Failed to instantiate [org.springframework.data.mongodb.core.MongoTemplate]: Factory method 'mongoTemplate' threw exception; nested exception is org.springframework.dao.DuplicateKeyException: Write failed with error code 11000 and error message 'Index build failed: 642b5383-acf1-47c8-8c52-a1c8f9c8b0d6: Collection quick_accounting.customers ( 9b0b10e1-7ef0-4f0b-8e1d-253269f96ef1 ) :: caused by :: E11000 duplicate key error collection: quick_accounting.customers index: displayName dup key: { displayName: "siddharth patidat" }'; nested exception is com.mongodb.DuplicateKeyException: Write failed with error code 11000 and error message 'Index build failed: 642b5383-acf1-47c8-8c52-a1c8f9c8b0d6: Collection quick_accounting.customers ( 9b0b10e1-7ef0-4f0b-8e1d-253269f96ef1 ) :: caused by :: E11000 duplicate key error collection: quick_accounting.customers index: displayName dup key: { displayName: "siddharth patidat" }'
Caused by: org.springframework.beans.factory.UnsatisfiedDependencyException: Error creating bean with name 'connectionServiceImpl': Unsatisfied dependency expressed through field 'connectionDao'; nested exception is org.springframework.beans.factory.UnsatisfiedDependencyException: Error creating bean with name 'connectionDao': Unsatisfied dependency expressed through field 'connectionRepo'; nested exception is org.springframework.beans.factory.BeanCreationException: Error creating bean with name 'connectionRepositery' defined in com.invoice_acounting.repositery.ConnectionRepositery defined in @EnableMongoRepositories declared on MongoRepositoriesRegistrar.EnableMongoRepositoriesConfiguration: Cannot resolve reference to bean 'mongoTemplate' while setting bean property 'mongoOperations'; nested exception is org.springframework.beans.factory.BeanCreationException: Error creating bean with name 'mongoTemplate' defined in class path resource [org/springframework/boot/autoconfigure/data/mongo/MongoDatabaseFactoryDependentConfiguration.class]: Bean instantiation via factory method failed; nested exception is org.springframework.beans.BeanInstantiationException: Failed to instantiate [org.springframework.data.mongodb.core.MongoTemplate]: Factory method 'mongoTemplate' threw exception; nested exception is org.springframework.dao.DuplicateKeyException: Write failed with error code 11000 and error message 'Index build failed: 642b5383-acf1-47c8-8c52-a1c8f9c8b0d6: Collection quick_accounting.customers ( 9b0b10e1-7ef0-4f0b-8e1d-253269f96ef1 ) :: caused by :: E11000 duplicate key error collection: quick_accounting.customers index: displayName dup key: { displayName: "siddharth patidat" }'; nested exception is com.mongodb.DuplicateKeyException: Write failed with error code 11000 and error message 'Index build failed: 642b5383-acf1-47c8-8c52-a1c8f9c8b0d6: Collection quick_accounting.customers ( 9b0b10e1-7ef0-4f0b-8e1d-253269f96ef1 ) :: caused by :: E11000 duplicate key error collection: quick_accounting.customers index: displayName dup key: { displayName: "siddharth patidat" }'
Caused by: org.springframework.beans.factory.UnsatisfiedDependencyException: Error creating bean with name 'connectionDao': Unsatisfied dependency expressed through field 'connectionRepo'; nested exception is org.springframework.beans.factory.BeanCreationException: Error creating bean with name 'connectionRepositery' defined in com.invoice_acounting.repositery.ConnectionRepositery defined in @EnableMongoRepositories declared on MongoRepositoriesRegistrar.EnableMongoRepositoriesConfiguration: Cannot resolve reference to bean 'mongoTemplate' while setting bean property 'mongoOperations'; nested exception is org.springframework.beans.factory.BeanCreationException: Error creating bean with name 'mongoTemplate' defined in class path resource [org/springframework/boot/autoconfigure/data/mongo/MongoDatabaseFactoryDependentConfiguration.class]: Bean instantiation via factory method failed; nested exception is org.springframework.beans.BeanInstantiationException: Failed to instantiate [org.springframework.data.mongodb.core.MongoTemplate]: Factory method 'mongoTemplate' threw exception; nested exception is org.springframework.dao.DuplicateKeyException: Write failed with error code 11000 and error message 'Index build failed: 642b5383-acf1-47c8-8c52-a1c8f9c8b0d6: Collection quick_accounting.customers ( 9b0b10e1-7ef0-4f0b-8e1d-253269f96ef1 ) :: caused by :: E11000 duplicate key error collection: quick_accounting.customers index: displayName dup key: { displayName: "siddharth patidat" }'; nested exception is com.mongodb.DuplicateKeyException: Write failed with error code 11000 and error message 'Index build failed: 642b5383-acf1-47c8-8c52-a1c8f9c8b0d6: Collection quick_accounting.customers ( 9b0b10e1-7ef0-4f0b-8e1d-253269f96ef1 ) :: caused by :: E11000 duplicate key error collection: quick_accounting.customers index: displayName dup key: { displayName: "siddharth patidat" }'
Caused by: org.springframework.beans.factory.BeanCreationException: Error creating bean with name 'connectionRepositery' defined in com.invoice_acounting.repositery.ConnectionRepositery defined in @EnableMongoRepositories declared on MongoRepositoriesRegistrar.EnableMongoRepositoriesConfiguration: Cannot resolve reference to bean 'mongoTemplate' while setting bean property 'mongoOperations'; nested exception is org.springframework.beans.factory.BeanCreationException: Error creating bean with name 'mongoTemplate' defined in class path resource [org/springframework/boot/autoconfigure/data/mongo/MongoDatabaseFactoryDependentConfiguration.class]: Bean instantiation via factory method failed; nested exception is org.springframework.beans.BeanInstantiationException: Failed to instantiate [org.springframework.data.mongodb.core.MongoTemplate]: Factory method 'mongoTemplate' threw exception; nested exception is org.springframework.dao.DuplicateKeyException: Write failed with error code 11000 and error message 'Index build failed: 642b5383-acf1-47c8-8c52-a1c8f9c8b0d6: Collection quick_accounting.customers ( 9b0b10e1-7ef0-4f0b-8e1d-253269f96ef1 ) :: caused by :: E11000 duplicate key error collection: quick_accounting.customers index: displayName dup key: { displayName: "siddharth patidat" }'; nested exception is com.mongodb.DuplicateKeyException: Write failed with error code 11000 and error message 'Index build failed: 642b5383-acf1-47c8-8c52-a1c8f9c8b0d6: Collection quick_accounting.customers ( 9b0b10e1-7ef0-4f0b-8e1d-253269f96ef1 ) :: caused by :: E11000 duplicate key error collection: quick_accounting.customers index: displayName dup key: { displayName: "siddharth patidat" }'
Caused by: org.springframework.beans.factory.BeanCreationException: Error creating bean with name 'mongoTemplate' defined in class path resource [org/springframework/boot/autoconfigure/data/mongo/MongoDatabaseFactoryDependentConfiguration.class]: Bean instantiation via factory method failed; nested exception is org.springframework.beans.BeanInstantiationException: Failed to instantiate [org.springframework.data.mongodb.core.MongoTemplate]: Factory method 'mongoTemplate' threw exception; nested exception is org.springframework.dao.DuplicateKeyException: Write failed with error code 11000 and error message 'Index build failed: 642b5383-acf1-47c8-8c52-a1c8f9c8b0d6: Collection quick_accounting.customers ( 9b0b10e1-7ef0-4f0b-8e1d-253269f96ef1 ) :: caused by :: E11000 duplicate key error collection: quick_accounting.customers index: displayName dup key: { displayName: "siddharth patidat" }'; nested exception is com.mongodb.DuplicateKeyException: Write failed with error code 11000 and error message 'Index build failed: 642b5383-acf1-47c8-8c52-a1c8f9c8b0d6: Collection quick_accounting.customers ( 9b0b10e1-7ef0-4f0b-8e1d-253269f96ef1 ) :: caused by :: E11000 duplicate key error collection: quick_accounting.customers index: displayName dup key: { displayName: "siddharth patidat" }'
Caused by: org.springframework.beans.BeanInstantiationException: Failed to instantiate [org.springframework.data.mongodb.core.MongoTemplate]: Factory method 'mongoTemplate' threw exception; nested exception is org.springframework.dao.DuplicateKeyException: Write failed with error code 11000 and error message 'Index build failed: 642b5383-acf1-47c8-8c52-a1c8f9c8b0d6: Collection quick_accounting.customers ( 9b0b10e1-7ef0-4f0b-8e1d-253269f96ef1 ) :: caused by :: E11000 duplicate key error collection: quick_accounting.customers index: displayName dup key: { displayName: "siddharth patidat" }'; nested exception is com.mongodb.DuplicateKeyException: Write failed with error code 11000 and error message 'Index build failed: 642b5383-acf1-47c8-8c52-a1c8f9c8b0d6: Collection quick_accounting.customers ( 9b0b10e1-7ef0-4f0b-8e1d-253269f96ef1 ) :: caused by :: E11000 duplicate key error collection: quick_accounting.customers index: displayName dup key: { displayName: "siddharth patidat" }'
Caused by: org.springframework.dao.DuplicateKeyException: Write failed with error code 11000 and error message 'Index build failed: 642b5383-acf1-47c8-8c52-a1c8f9c8b0d6: Collection quick_accounting.customers ( 9b0b10e1-7ef0-4f0b-8e1d-253269f96ef1 ) :: caused by :: E11000 duplicate key error collection: quick_accounting.customers index: displayName dup key: { displayName: "siddharth patidat" }'; nested exception is com.mongodb.DuplicateKeyException: Write failed with error code 11000 and error message 'Index build failed: 642b5383-acf1-47c8-8c52-a1c8f9c8b0d6: Collection quick_accounting.customers ( 9b0b10e1-7ef0-4f0b-8e1d-253269f96ef1 ) :: caused by :: E11000 duplicate key error collection: quick_accounting.customers index: displayName dup key: { displayName: "siddharth patidat" }'
Caused by: com.mongodb.DuplicateKeyException: Write failed with error code 11000 and error message 'Index build failed: 642b5383-acf1-47c8-8c52-a1c8f9c8b0d6: Collection quick_accounting.customers ( 9b0b10e1-7ef0-4f0b-8e1d-253269f96ef1 ) :: caused by :: E11000 duplicate key error collection: quick_accounting.customers index: displayName dup key: { displayName: "siddharth patidat" }'

