<?xml version="1.0" encoding="UTF-8"?>
<testsuite xmlns:xsi="http://www.w3.org/2001/XMLSchema-instance" xsi:noNamespaceSchemaLocation="https://maven.apache.org/surefire/maven-surefire-plugin/xsd/surefire-test-report.xsd" name="com.invoice_acounting.InvoiceAccountingApplicationTests" time="10.079" tests="1" errors="1" skipped="0" failures="0">
  <properties>
[...]
</properties>
  <testcase name="contextLoads" classname="com.invoice_acounting.InvoiceAccountingApplicationTests" time="0.028">
    <error message="Failed to load ApplicationContext" type="java.lang.IllegalStateException">java.lang.IllegalStateException: Failed to load ApplicationContext
Caused by: org.springframework.beans.factory.UnsatisfiedDependencyException: Error creating bean with name 'quickBookIntegration': Unsatisfied dependency expressed through field 'connectionServiceImpl'; nested exception is org.springframework.beans.factory.UnsatisfiedDependencyException: Error creating bean with name 'connectionServiceImpl': Unsatisfied dependency expressed through field 'connectionDao'; nested exception is org.springframework.beans.factory.UnsatisfiedDependencyException: Error creating bean with name 'connectionDao': Unsatisfied dependency expressed through field 'connectionRepo'; nested exception is org.springframework.beans.factory.BeanCreationException: Error creating bean with name 'connectionRepositery' defined in com.invoice_acounting.repositery.ConnectionRepositery defined in @EnableMongoRepositories declared on MongoRepositoriesRegistrar.EnableMongoRepositoriesConfiguration: Cannot resolve reference to bean 'mongoTemplate' while setting bean property 'mongoOperations'; nested exception is org.springframework.beans.factory.BeanCreationException: Error creating bean with name 'mongoTemplate' defined in class path resource [org/springframework/boot/autoconfigure/data/mongo/MongoDatabaseFactoryDependentConfiguration.class]: Bean instantiation via factory method failed; nested exception is org.springframework.beans.BeanInstantiationException: Failed to instantiate [org.springframework.data.mongodb.core.MongoTemplate]: Factory method 'mongoTemplate' threw exception; nested exception is org.springframework.dao.DuplicateKeyException: Write failed with error code 11000 and error message 'Index build failed: 642b5383-acf1-47c8-8c52-a1c8f9c8b0d6: Collection quick_accounting.customers ( 9b0b10e1-7ef0-4f0b-8e1d-253269f96ef1 ) :: caused by :: E11000 duplicate key error collection: quick_accounting.customers index: displayName dup key: { displayName: "siddharth patidat" }'; nested exception is com.mongodb.DuplicateKeyException: Write failed with error code 11000 and error message 'Index build failed: 642b5383-acf1-47c8-8c52-a1c8f9c8b0d6: Collection quick_accounting.customers ( 9b0b10e1-7ef0-4f0b-8e1d-253269f96ef1 ) :: caused by :: E11000 duplicate key error collection: quick_accounting.customers index: displayName dup key: { displayName: "siddharth patidat" }'
Caused by: org.springframework.beans.factory.UnsatisfiedDependencyException: Error creating bean with name 'connectionServiceImpl': Unsatisfied dependency expressed through field 'connectionDao'; nested exception is org.springframework.beans.factory.UnsatisfiedDependencyException: Error creating bean with name 'connectionDao': Unsatisfied dependency expressed through field 'connectionRepo'; nested exception is org.springframework.beans.factory.BeanCreationException: Error creating bean with name 'connectionRepositery' defined in com.invoice_acounting.repositery.ConnectionRepositery defined in @EnableMongoRepositories declared on MongoRepositoriesRegistrar.EnableMongoRepositoriesConfiguration: Cannot resolve reference to bean 'mongoTemplate' while setting bean property 'mongoOperations'; nested exception is org.springframework.beans.factory.BeanCreationException: Error creating bean with name 'mongoTemplate' defined in class path resource [org/springframework/boot/autoconfigure/data/mongo/MongoDatabaseFactoryDependentConfiguration.class]: Bean instantiation via factory method failed; nested exception is org.springframework.beans.BeanInstantiationException: Failed to instantiate [org.springframework.data.mongodb.core.MongoTemplate]: Factory method 'mongoTemplate' threw exception; nested exception is org.springframework.dao.DuplicateKeyException: Write failed with error code 11000 and error message 'Index build failed: 642b5383-acf1-47c8-8c52-a1c8f9c8b0d6: Collection quick_accounting.customers ( 9b0b10e1-7ef0-4f0b-8e1d-253269f96ef1 ) :: caused by :: E11000 duplicate key error collection: quick_accounting.customers index: displayName dup key: { displayName: "siddharth patidat" }'; nested exception is com.mongodb.DuplicateKeyException: Write failed with error code 11000 and error message 'Index build failed: 642b5383-acf1-47c8-8c52-a1c8f9c8b0d6: Collection quick_accounting.customers ( 9b0b10e1-7ef0-4f0b-8e1d-253269f96ef1 ) :: caused by :: E11000 duplicate key error collection: quick_accounting.customers index: displayName dup key: { displayName: "siddharth patidat" }'
Caused by: org.springframework.beans.factory.UnsatisfiedDependencyException: Error creating bean with name 'connectionDao': Unsatisfied dependency expressed through field 'connectionRepo'; nested exception is org.springframework.beans.factory.BeanCreationException: Error creating bean with name 'connectionRepositery' defined in com.invoice_acounting.repositery.ConnectionRepositery defined in @EnableMongoRepositories declared on MongoRepositoriesRegistrar.EnableMongoRepositoriesConfiguration: Cannot resolve reference to bean 'mongoTemplate' while setting bean property 'mongoOperations'; nested exception is org.springframework.beans.factory.BeanCreationException: Error creating bean with name 'mongoTemplate' defined in class path resource [org/springframework/boot/autoconfigure/data/mongo/MongoDatabaseFactoryDependentConfiguration.class]: Bean instantiation via factory method failed; nested exception is org.springframework.beans.BeanInstantiationException: Failed to instantiate [org.springframework.data.mongodb.core.MongoTemplate]: Factory method 'mongoTemplate' threw exception; nested exception is org.springframework.dao.DuplicateKeyException: Write failed with error code 11000 and error message 'Index build failed: 642b5383-acf1-47c8-8c52-a1c8f9c8b0d6: Collection quick_accounting.customers ( 9b0b10e1-7ef0-4f0b-8e1d-253269f96ef1 ) :: caused by :: E11000 duplicate key error collection: quick_accounting.customers index: displayName dup key: { displayName: "siddharth patidat" }'; nested exception is com.mongodb.DuplicateKeyException: Write failed with error code 11000 and error message 'Index build failed: 642b5383-acf1-47c8-8c52-a1c8f9c8b0d6: Collection quick_accounting.customers ( 9b0b10e1-7ef0-4f0b-8e1d-253269f96ef1 ) :: caused by :: E11000 duplicate key error collection: quick_accounting.customers index: displayName dup key: { displayName: "siddharth patidat" }'
Caused by: org.springframework.beans.factory.BeanCreationException: Error creating bean with name 'connectionRepositery' defined in com.invoice_acounting.repositery.ConnectionRepositery defined in @EnableMongoRepositories declared on MongoRepositoriesRegistrar.EnableMongoRepositoriesConfiguration: Cannot resolve reference to bean 'mongoTemplate' while setting bean property 'mongoOperations'; nested exception is org.springframework.beans.factory.BeanCreationException: Error creating bean with name 'mongoTemplate' defined in class path resource [org/springframework/boot/autoconfigure/data/mongo/MongoDatabaseFactoryDependentConfiguration.class]: Bean instantiation via factory method failed; nested exception is org.springframework.beans.BeanInstantiationException: Failed to instantiate [org.springframework.data.mongodb.core.MongoTemplate]: Factory method 'mongoTemplate' threw exception; nested exception is org.springframework.dao.DuplicateKeyException: Write failed with error code 11000 and error message 'Index build failed: 642b5383-acf1-47c8-8c52-a1c8f9c8b0d6: Collection quick_accounting.customers ( 9b0b10e1-7ef0-4f0b-8e1d-253269f96ef1 ) :: caused by :: E11000 duplicate key error collection: quick_accounting.customers index: displayName dup key: { displayName: "siddharth patidat" }'; nested exception is com.mongodb.DuplicateKeyException: Write failed with error code 11000 and error message 'Index build failed: 642b5383-acf1-47c8-8c52-a1c8f9c8b0d6: Collection quick_accounting.customers ( 9b0b10e1-7ef0-4f0b-8e1d-253269f96ef1 ) :: caused by :: E11000 duplicate key error collection: quick_accounting.customers index: displayName dup key: { displayName: "siddharth patidat" }'
Caused by: org.springframework.beans.factory.BeanCreationException: Error creating bean with name 'mongoTemplate' defined in class path resource [org/springframework/boot/autoconfigure/data/mongo/MongoDatabaseFactoryDependentConfiguration.class]: Bean instantiation via factory method failed; nested exception is org.springframework.beans.BeanInstantiationException: Failed to instantiate [org.springframework.data.mongodb.core.MongoTemplate]: Factory method 'mongoTemplate' threw exception; nested exception is org.springframework.dao.DuplicateKeyException: Write failed with error code 11000 and error message 'Index build failed: 642b5383-acf1-47c8-8c52-a1c8f9c8b0d6: Collection quick_accounting.customers ( 9b0b10e1-7ef0-4f0b-8e1d-253269f96ef1 ) :: caused by :: E11000 duplicate key error collection: quick_accounting.customers index: displayName dup key: { displayName: "siddharth patidat" }'; nested exception is com.mongodb.DuplicateKeyException: Write failed with error code 11000 and error message 'Index build failed: 642b5383-acf1-47c8-8c52-a1c8f9c8b0d6: Collection quick_accounting.customers ( 9b0b10e1-7ef0-4f0b-8e1d-253269f96ef1 ) :: caused by :: E11000 duplicate key error collection: quick_accounting.customers index: displayName dup key: { displayName: "siddharth patidat" }'
Caused by: org.springframework.beans.BeanInstantiationException: Failed to instantiate [org.springframework.data.mongodb.core.MongoTemplate]: Factory method 'mongoTemplate' threw exception; nested exception is org.springframework.dao.DuplicateKeyException: Write failed with error code 11000 and error message 'Index build failed: 642b5383-acf1-47c8-8c52-a1c8f9c8b0d6: Collection quick_accounting.customers ( 9b0b10e1-7ef0-4f0b-8e1d-253269f96ef1 ) :: caused by :: E11000 duplicate key error collection: quick_accounting.customers index: displayName dup key: { displayName: "siddharth patidat" }'; nested exception is com.mongodb.DuplicateKeyException: Write failed with error code 11000 and error message 'Index build failed: 642b5383-acf1-47c8-8c52-a1c8f9c8b0d6: Collection quick_accounting.customers ( 9b0b10e1-7ef0-4f0b-8e1d-253269f96ef1 ) :: caused by :: E11000 duplicate key error collection: quick_accounting.customers index: displayName dup key: { displayName: "siddharth patidat" }'
Caused by: org.springframework.dao.DuplicateKeyException: Write failed with error code 11000 and error message 'Index build failed: 642b5383-acf1-47c8-8c52-a1c8f9c8b0d6: Collection quick_accounting.customers ( 9b0b10e1-7ef0-4f0b-8e1d-253269f96ef1 ) :: caused by :: E11000 duplicate key error collection: quick_accounting.customers index: displayName dup key: { displayName: "siddharth patidat" }'; nested exception is com.mongodb.DuplicateKeyException: Write failed with error code 11000 and error message 'Index build failed: 642b5383-acf1-47c8-8c52-a1c8f9c8b0d6: Collection quick_accounting.customers ( 9b0b10e1-7ef0-4f0b-8e1d-253269f96ef1 ) :: caused by :: E11000 duplicate key error collection: quick_accounting.customers index: displayName dup key: { displayName: "siddharth patidat" }'
Caused by: com.mongodb.DuplicateKeyException: Write failed with error code 11000 and error message 'Index build failed: 642b5383-acf1-47c8-8c52-a1c8f9c8b0d6: Collection quick_accounting.customers ( 9b0b10e1-7ef0-4f0b-8e1d-253269f96ef1 ) :: caused by :: E11000 duplicate key error collection: quick_accounting.customers index: displayName dup key: { displayName: "siddharth patidat" }'
</error>
    <system-out><![CDATA[11:42:12.324 [main] DEBUG org.springframework.test.context.BootstrapUtils - Instantiating CacheAwareContextLoaderDelegate from class [org.springframework.test.context.cache.DefaultCacheAwareContextLoaderDelegate]
11:42:12.346 [main] DEBUG org.springframework.test.context.BootstrapUtils - Instantiating BootstrapContext using constructor [public org.springframework.test.context.support.DefaultBootstrapContext(java.lang.Class,org.springframework.test.context.CacheAwareContextLoaderDelegate)]
11:42:12.442 [main] DEBUG org.springframework.test.context.BootstrapUtils - Instantiating TestContextBootstrapper for test class [com.invoice_acounting.InvoiceAccountingApplicationTests] from class [org.springframework.boot.test.context.SpringBootTestContextBootstrapper]
11:42:12.464 [main] INFO org.springframework.boot.test.context.SpringBootTestContextBootstrapper - Neither @ContextConfiguration nor @ContextHierarchy found for test class [com.invoice_acounting.InvoiceAccountingApplicationTests], using SpringBootContextLoader
11:42:12.474 [main] DEBUG org.springframework.test.context.support.AbstractContextLoader - Did not detect default resource location for test class [com.invoice_acounting.InvoiceAccountingApplicationTests]: class path resource [com/invoice_acounting/InvoiceAccountingApplicationTests-context.xml] does not exist
11:42:12.476 [main] DEBUG org.springframework.test.context.support.AbstractContextLoader - Did not detect default resource location for test class [com.invoice_acounting.InvoiceAccountingApplicationTests]: class path resource [com/invoice_acounting/InvoiceAccountingApplicationTestsContext.groovy] does not exist
11:42:12.478 [main] INFO org.springframework.test.context.support.AbstractContextLoader - Could not detect default resource locations for test class [com.invoice_acounting.InvoiceAccountingApplicationTests]: no resource found for suffixes {-context.xml, Context.groovy}.
11:42:12.481 [main] INFO org.springframework.test.context.support.AnnotationConfigContextLoaderUtils - Could not detect default configuration classes for test class [com.invoice_acounting.InvoiceAccountingApplicationTests]: InvoiceAccountingApplicationTests does not declare any static, non-private, non-final, nested classes annotated with @Configuration.
11:42:12.630 [main] DEBUG org.springframework.test.context.support.ActiveProfilesUtils - Could not find an 'annotation declaring class' for annotation type [org.springframework.test.context.ActiveProfiles] and class [com.invoice_acounting.InvoiceAccountingApplicationTests]
11:42:12.828 [main] DEBUG org.springframework.context.annotation.ClassPathScanningCandidateComponentProvider - Identified candidate component class: file [C:\Users\siddharth.patidar_in\Documents\GitHub\Invoice-Accounting\target\classes\com\invoice_acounting\InvoiceAccountingApplication.class]
11:42:12.831 [main] INFO org.springframework.boot.test.context.SpringBootTestContextBootstrapper - Found @SpringBootConfiguration com.invoice_acounting.InvoiceAccountingApplication for test class com.invoice_acounting.InvoiceAccountingApplicationTests
11:42:13.287 [main] DEBUG org.springframework.boot.test.context.SpringBootTestContextBootstrapper - @TestExecutionListeners is not present for class [com.invoice_acounting.InvoiceAccountingApplicationTests]: using defaults.
11:42:13.289 [main] INFO org.springframework.boot.test.context.SpringBootTestContextBootstrapper - Loaded default TestExecutionListener class names from location [META-INF/spring.factories]: [org.springframework.boot.test.mock.mockito.MockitoTestExecutionListener, org.springframework.boot.test.mock.mockito.ResetMocksTestExecutionListener, org.springframework.boot.test.autoconfigure.restdocs.RestDocsTestExecutionListener, org.springframework.boot.test.autoconfigure.web.client.MockRestServiceServerResetTestExecutionListener, org.springframework.boot.test.autoconfigure.web.servlet.MockMvcPrintOnlyOnFailureTestExecutionListener, org.springframework.boot.test.autoconfigure.web.servlet.WebDriverTestExecutionListener, org.springframework.boot.test.autoconfigure.webservices.client.MockWebServiceServerTestExecutionListener, org.springframework.test.context.web.ServletTestExecutionListener, org.springframework.test.context.support.DirtiesContextBeforeModesTestExecutionListener, org.springframework.test.context.event.ApplicationEventsTestExecutionListener, org.springframework.test.context.support.DependencyInjectionTestExecutionListener, org.springframework.test.context.support.DirtiesContextTestExecutionListener, org.springframework.test.context.transaction.TransactionalTestExecutionListener, org.springframework.test.context.jdbc.SqlScriptsTestExecutionListener, org.springframework.test.context.event.EventPublishingTestExecutionListener]
11:42:13.342 [main] INFO org.springframework.boot.test.context.SpringBootTestContextBootstrapper - Using TestExecutionListeners: [org.springframework.test.context.web.ServletTestExecutionListener@ea9b7c6, org.springframework.test.context.support.DirtiesContextBeforeModesTestExecutionListener@e077866, org.springframework.test.context.event.ApplicationEventsTestExecutionListener@ed3068a, org.springframework.boot.test.mock.mockito.MockitoTestExecutionListener@7c2b6087, org.springframework.boot.test.autoconfigure.SpringBootDependencyInjectionTestExecutionListener@3fffff43, org.springframework.test.context.support.DirtiesContextTestExecutionListener@a8e6492, org.springframework.test.context.transaction.TransactionalTestExecutionListener@1c7fd41f, org.springframework.test.context.jdbc.SqlScriptsTestExecutionListener@3b77a04f, org.springframework.test.context.event.EventPublishingTestExecutionListener@7b324585, org.springframework.boot.test.mock.mockito.ResetMocksTestExecutionListener@2e11485, org.springframework.boot.test.autoconfigure.restdocs.RestDocsTestExecutionListener@60dce7ea, org.springframework.boot.test.autoconfigure.web.client.MockRestServiceServerResetTestExecutionListener@662f5666, org.springframework.boot.test.autoconfigure.web.servlet.MockMvcPrintOnlyOnFailureTestExecutionListener@fd8294b, org.springframework.boot.test.autoconfigure.web.servlet.WebDriverTestExecutionListener@5974109, org.springframework.boot.test.autoconfigure.webservices.client.MockWebServiceServerTestExecutionListener@27305e6]
11:42:13.353 [main] DEBUG org.springframework.test.context.support.AbstractDirtiesContextTestExecutionListener - Before test class: context [DefaultTestContext@5c87bfe2 testClass = InvoiceAccountingApplicationTests, testInstance = [null], testMethod = [null], testException = [null], mergedContextConfiguration = [WebMergedContextConfiguration@2fea7088 testClass = InvoiceAccountingApplicationTests, locations = '{}', classes = '{class com.invoice_acounting.InvoiceAccountingApplication}', contextInitializerClasses = '[]', activeProfiles = '{}', propertySourceLocations = '{}', propertySourceProperties = '{org.springframework.boot.test.context.SpringBootTestContextBootstrapper=true}', contextCustomizers = set[org.springframework.boot.test.context.filter.ExcludeFilterContextCustomizer@766653e6, org.springframework.boot.test.json.DuplicateJsonObjectContextCustomizerFactory$DuplicateJsonObjectContextCustomizer@48c76607, org.springframework.boot.test.mock.mockito.MockitoContextCustomizer@0, org.springframework.boot.test.web.client.TestRestTemplateContextCustomizer@379614be, org.springframework.boot.test.autoconfigure.actuate.metrics.MetricsExportContextCustomizerFactory$DisableMetricExportContextCustomizer@421e361, org.springframework.boot.test.autoconfigure.properties.PropertyMappingContextCustomizer@0, org.springframework.boot.test.autoconfigure.web.servlet.WebDriverContextCustomizerFactory$Customizer@5495333e, org.springframework.boot.test.context.SpringBootTestArgs@1, org.springframework.boot.test.context.SpringBootTestWebEnvironment@158da8e], resourceBasePath = 'src/main/webapp', contextLoader = 'org.springframework.boot.test.context.SpringBootContextLoader', parent = [null]], attributes = map['org.springframework.test.context.web.ServletTestExecutionListener.activateListener' -> true]], class annotated with @DirtiesContext [false] with mode [null].

  .   ____          _            __ _ _
 /\\ / ___'_ __ _ _(_)_ __  __ _ \ \ \ \
( ( )\___ | '_ | '_| | '_ \/ _` | \ \ \ \
 \\/  ___)| |_)| | | | | || (_| |  ) ) ) )
  '  |____| .__|_| |_|_| |_\__, | / / / /
 =========|_|==============|___/=/_/_/_/
 :: Spring Boot ::                (v2.7.1)

2022-07-20 11:42:14.299  WARN 19388 --- [           main] ory$DuplicateJsonObjectContextCustomizer : 

Found multiple occurrences of org.json.JSONObject on the class path:

	jar:file:/C:/Users/siddharth.patidar_in/.m2/repository/com/vaadin/external/google/android-json/0.0.20131108.vaadin1/android-json-0.0.20131108.vaadin1.jar!/org/json/JSONObject.class
	jar:file:/C:/Users/siddharth.patidar_in/.m2/repository/com/intuit/quickbooks-online/oauth2-platform-api/6.0.7/oauth2-platform-api-6.0.7-jar-with-dependencies.jar!/org/json/JSONObject.class
	jar:file:/C:/Users/siddharth.patidar_in/.m2/repository/org/json/json/20160810/json-20160810.jar!/org/json/JSONObject.class

You may wish to exclude one of them to ensure predictable runtime behavior

2022-07-20 11:42:14.425  INFO 19388 --- [           main] c.i.InvoiceAccountingApplicationTests    : Starting InvoiceAccountingApplicationTests using Java 17.0.2 on IB-SEZ-LAP-947 with PID 19388 (started by siddharth.patidar_in in C:\Users\siddharth.patidar_in\Documents\GitHub\Invoice-Accounting)
2022-07-20 11:42:14.427  INFO 19388 --- [           main] c.i.InvoiceAccountingApplicationTests    : No active profile set, falling back to 1 default profile: "default"
2022-07-20 11:42:16.060  INFO 19388 --- [           main] .s.d.r.c.RepositoryConfigurationDelegate : Bootstrapping Spring Data MongoDB repositories in DEFAULT mode.
2022-07-20 11:42:16.236  INFO 19388 --- [           main] .s.d.r.c.RepositoryConfigurationDelegate : Finished Spring Data repository scanning in 162 ms. Found 3 MongoDB repository interfaces.
2022-07-20 11:42:17.731 DEBUG 19388 --- [           main] o.a.h.client.protocol.RequestAddCookies  : CookieSpec selected: default
2022-07-20 11:42:17.742 DEBUG 19388 --- [           main] o.a.h.client.protocol.RequestAuthCache   : Auth cache not set in the context
2022-07-20 11:42:17.743 DEBUG 19388 --- [           main] h.i.c.PoolingHttpClientConnectionManager : Connection request: [route: {s}->https://developer.api.intuit.com:443][total available: 0; route allocated: 0 of 2; total allocated: 0 of 20]
2022-07-20 11:42:17.758 DEBUG 19388 --- [           main] h.i.c.PoolingHttpClientConnectionManager : Connection leased: [id: 0][route: {s}->https://developer.api.intuit.com:443][total available: 0; route allocated: 1 of 2; total allocated: 1 of 20]
2022-07-20 11:42:17.760 DEBUG 19388 --- [           main] o.a.http.impl.execchain.MainClientExec   : Opening connection {s}->https://developer.api.intuit.com:443
2022-07-20 11:42:17.835 DEBUG 19388 --- [           main] .i.c.DefaultHttpClientConnectionOperator : Connecting to developer.api.intuit.com/44.237.172.134:443
2022-07-20 11:42:17.836 DEBUG 19388 --- [           main] o.a.h.c.ssl.SSLConnectionSocketFactory   : Connecting socket to developer.api.intuit.com/44.237.172.134:443 with timeout 10000
2022-07-20 11:42:18.223 DEBUG 19388 --- [           main] o.a.h.c.ssl.SSLConnectionSocketFactory   : Enabled protocols: [TLSv1.2]
2022-07-20 11:42:18.223 DEBUG 19388 --- [           main] o.a.h.c.ssl.SSLConnectionSocketFactory   : Enabled cipher suites:[TLS_AES_256_GCM_SHA384, TLS_AES_128_GCM_SHA256, TLS_CHACHA20_POLY1305_SHA256, TLS_ECDHE_ECDSA_WITH_AES_256_GCM_SHA384, TLS_ECDHE_ECDSA_WITH_AES_128_GCM_SHA256, TLS_ECDHE_ECDSA_WITH_CHACHA20_POLY1305_SHA256, TLS_ECDHE_RSA_WITH_AES_256_GCM_SHA384, TLS_ECDHE_RSA_WITH_CHACHA20_POLY1305_SHA256, TLS_ECDHE_RSA_WITH_AES_128_GCM_SHA256, TLS_DHE_RSA_WITH_AES_256_GCM_SHA384, TLS_DHE_RSA_WITH_CHACHA20_POLY1305_SHA256, TLS_DHE_DSS_WITH_AES_256_GCM_SHA384, TLS_DHE_RSA_WITH_AES_128_GCM_SHA256, TLS_DHE_DSS_WITH_AES_128_GCM_SHA256, TLS_ECDHE_ECDSA_WITH_AES_256_CBC_SHA384, TLS_ECDHE_RSA_WITH_AES_256_CBC_SHA384, TLS_ECDHE_ECDSA_WITH_AES_128_CBC_SHA256, TLS_ECDHE_RSA_WITH_AES_128_CBC_SHA256, TLS_DHE_RSA_WITH_AES_256_CBC_SHA256, TLS_DHE_DSS_WITH_AES_256_CBC_SHA256, TLS_DHE_RSA_WITH_AES_128_CBC_SHA256, TLS_DHE_DSS_WITH_AES_128_CBC_SHA256, TLS_ECDH_ECDSA_WITH_AES_256_GCM_SHA384, TLS_ECDH_RSA_WITH_AES_256_GCM_SHA384, TLS_ECDH_ECDSA_WITH_AES_128_GCM_SHA256, TLS_ECDH_RSA_WITH_AES_128_GCM_SHA256, TLS_ECDH_ECDSA_WITH_AES_256_CBC_SHA384, TLS_ECDH_RSA_WITH_AES_256_CBC_SHA384, TLS_ECDH_ECDSA_WITH_AES_128_CBC_SHA256, TLS_ECDH_RSA_WITH_AES_128_CBC_SHA256, TLS_ECDHE_ECDSA_WITH_AES_256_CBC_SHA, TLS_ECDHE_RSA_WITH_AES_256_CBC_SHA, TLS_ECDHE_ECDSA_WITH_AES_128_CBC_SHA, TLS_ECDHE_RSA_WITH_AES_128_CBC_SHA, TLS_DHE_RSA_WITH_AES_256_CBC_SHA, TLS_DHE_DSS_WITH_AES_256_CBC_SHA, TLS_DHE_RSA_WITH_AES_128_CBC_SHA, TLS_DHE_DSS_WITH_AES_128_CBC_SHA, TLS_ECDH_ECDSA_WITH_AES_256_CBC_SHA, TLS_ECDH_RSA_WITH_AES_256_CBC_SHA, TLS_ECDH_ECDSA_WITH_AES_128_CBC_SHA, TLS_ECDH_RSA_WITH_AES_128_CBC_SHA, TLS_RSA_WITH_AES_256_GCM_SHA384, TLS_RSA_WITH_AES_128_GCM_SHA256, TLS_RSA_WITH_AES_256_CBC_SHA256, TLS_RSA_WITH_AES_128_CBC_SHA256, TLS_RSA_WITH_AES_256_CBC_SHA, TLS_RSA_WITH_AES_128_CBC_SHA, TLS_EMPTY_RENEGOTIATION_INFO_SCSV]
2022-07-20 11:42:18.224 DEBUG 19388 --- [           main] o.a.h.c.ssl.SSLConnectionSocketFactory   : Starting handshake
2022-07-20 11:42:19.351 DEBUG 19388 --- [           main] o.a.h.c.ssl.SSLConnectionSocketFactory   : Secure session established
2022-07-20 11:42:19.352 DEBUG 19388 --- [           main] o.a.h.c.ssl.SSLConnectionSocketFactory   :  negotiated protocol: TLSv1.2
2022-07-20 11:42:19.352 DEBUG 19388 --- [           main] o.a.h.c.ssl.SSLConnectionSocketFactory   :  negotiated cipher suite: TLS_ECDHE_RSA_WITH_AES_128_GCM_SHA256
2022-07-20 11:42:19.353 DEBUG 19388 --- [           main] o.a.h.c.ssl.SSLConnectionSocketFactory   :  peer principal: CN=*.intuit.com, OU=Technology Operations, O=INTUIT INC., L=San Diego, ST=California, C=US
2022-07-20 11:42:19.355 DEBUG 19388 --- [           main] o.a.h.c.ssl.SSLConnectionSocketFactory   :  peer alternative names: [*.intuit.com, *.iep.intuit.com, *.app.intuit.com, *.api.intuit.com, *.commerce.api.intuit.com, *.qbo.intuit.com, iep.intuit.com, quickbooks.intuit.com, *.workforce.intuit.com, *.appfabric.intuit.com, *.quickbooks.com, *.commerce-qal.api.intuit.com, *.stgl.intuit.com, *.turbotax.intuit.com, *.commerce-e2e.api.intuit.com, *.commerce-prf.api.intuit.com, *.quickbooks.intuit.com]
2022-07-20 11:42:19.356 DEBUG 19388 --- [           main] o.a.h.c.ssl.SSLConnectionSocketFactory   :  issuer principal: CN=DigiCert TLS RSA SHA256 2020 CA1, O=DigiCert Inc, C=US
2022-07-20 11:42:19.360 DEBUG 19388 --- [           main] .i.c.DefaultHttpClientConnectionOperator : Connection established 172.16.22.221:61222<->44.237.172.134:443
2022-07-20 11:42:19.361 DEBUG 19388 --- [           main] h.i.c.DefaultManagedHttpClientConnection : http-outgoing-0: set socket timeout to 30000
2022-07-20 11:42:19.362 DEBUG 19388 --- [           main] o.a.http.impl.execchain.MainClientExec   : Executing request GET /.well-known/openid_sandbox_configuration/ HTTP/1.1
2022-07-20 11:42:19.363 DEBUG 19388 --- [           main] o.a.http.impl.execchain.MainClientExec   : Target auth state: UNCHALLENGED
2022-07-20 11:42:19.366 DEBUG 19388 --- [           main] o.a.http.impl.execchain.MainClientExec   : Proxy auth state: UNCHALLENGED
2022-07-20 11:42:19.372 DEBUG 19388 --- [           main] org.apache.http.headers                  : http-outgoing-0 >> GET /.well-known/openid_sandbox_configuration/ HTTP/1.1
2022-07-20 11:42:19.373 DEBUG 19388 --- [           main] org.apache.http.headers                  : http-outgoing-0 >> Accept-Encoding: utf-8
2022-07-20 11:42:19.373 DEBUG 19388 --- [           main] org.apache.http.headers                  : http-outgoing-0 >> Accept: application/json
2022-07-20 11:42:19.374 DEBUG 19388 --- [           main] org.apache.http.headers                  : http-outgoing-0 >> User-Agent: V3JavaSDK-OAuth2-6.0.6
2022-07-20 11:42:19.374 DEBUG 19388 --- [           main] org.apache.http.headers                  : http-outgoing-0 >> Host: developer.api.intuit.com
2022-07-20 11:42:19.375 DEBUG 19388 --- [           main] org.apache.http.headers                  : http-outgoing-0 >> Connection: Keep-Alive
2022-07-20 11:42:19.376 DEBUG 19388 --- [           main] org.apache.http.wire                     : http-outgoing-0 >> "GET /.well-known/openid_sandbox_configuration/ HTTP/1.1[\r][\n]"
2022-07-20 11:42:19.376 DEBUG 19388 --- [           main] org.apache.http.wire                     : http-outgoing-0 >> "Accept-Encoding: utf-8[\r][\n]"
2022-07-20 11:42:19.377 DEBUG 19388 --- [           main] org.apache.http.wire                     : http-outgoing-0 >> "Accept: application/json[\r][\n]"
2022-07-20 11:42:19.377 DEBUG 19388 --- [           main] org.apache.http.wire                     : http-outgoing-0 >> "User-Agent: V3JavaSDK-OAuth2-6.0.6[\r][\n]"
2022-07-20 11:42:19.378 DEBUG 19388 --- [           main] org.apache.http.wire                     : http-outgoing-0 >> "Host: developer.api.intuit.com[\r][\n]"
2022-07-20 11:42:19.378 DEBUG 19388 --- [           main] org.apache.http.wire                     : http-outgoing-0 >> "Connection: Keep-Alive[\r][\n]"
2022-07-20 11:42:19.379 DEBUG 19388 --- [           main] org.apache.http.wire                     : http-outgoing-0 >> "[\r][\n]"
2022-07-20 11:42:19.731 DEBUG 19388 --- [           main] org.apache.http.wire                     : http-outgoing-0 << "HTTP/1.1 200 OK[\r][\n]"
2022-07-20 11:42:19.732 DEBUG 19388 --- [           main] org.apache.http.wire                     : http-outgoing-0 << "Date: Wed, 20 Jul 2022 06:12:18 GMT[\r][\n]"
2022-07-20 11:42:19.732 DEBUG 19388 --- [           main] org.apache.http.wire                     : http-outgoing-0 << "Content-Type: application/json[\r][\n]"
2022-07-20 11:42:19.732 DEBUG 19388 --- [           main] org.apache.http.wire                     : http-outgoing-0 << "Content-Length: 1006[\r][\n]"
2022-07-20 11:42:19.732 DEBUG 19388 --- [           main] org.apache.http.wire                     : http-outgoing-0 << "Connection: keep-alive[\r][\n]"
2022-07-20 11:42:19.732 DEBUG 19388 --- [           main] org.apache.http.wire                     : http-outgoing-0 << "intuit_tid: 1-62d79cc2-724283c2399958cf640b1d78[\r][\n]"
2022-07-20 11:42:19.733 DEBUG 19388 --- [           main] org.apache.http.wire                     : http-outgoing-0 << "x-spanid: a0ca5f9a-4bea-4839-94cf-ef36439e5918[\r][\n]"
2022-07-20 11:42:19.733 DEBUG 19388 --- [           main] org.apache.http.wire                     : http-outgoing-0 << "x-amzn-trace-id: Root=1-62d79cc2-724283c2399958cf640b1d78[\r][\n]"
2022-07-20 11:42:19.733 DEBUG 19388 --- [           main] org.apache.http.wire                     : http-outgoing-0 << "X-Content-Type-Options: nosniff[\r][\n]"
2022-07-20 11:42:19.733 DEBUG 19388 --- [           main] org.apache.http.wire                     : http-outgoing-0 << "Server: envoy[\r][\n]"
2022-07-20 11:42:19.733 DEBUG 19388 --- [           main] org.apache.http.wire                     : http-outgoing-0 << "Last-Modified: Wed, 18 Mar 2020 03:21:12 GMT[\r][\n]"
2022-07-20 11:42:19.733 DEBUG 19388 --- [           main] org.apache.http.wire                     : http-outgoing-0 << "ETag: "665940ee6c04a65f93fc17b219716c4e"[\r][\n]"
2022-07-20 11:42:19.734 DEBUG 19388 --- [           main] org.apache.http.wire                     : http-outgoing-0 << "x-amz-version-id: _xvn_QQfrEn7kCmtCPMTn2sEfdRqhpyB[\r][\n]"
2022-07-20 11:42:19.734 DEBUG 19388 --- [           main] org.apache.http.wire                     : http-outgoing-0 << "Accept-Ranges: bytes[\r][\n]"
2022-07-20 11:42:19.734 DEBUG 19388 --- [           main] org.apache.http.wire                     : http-outgoing-0 << "X-Cache: Hit from cloudfront[\r][\n]"
2022-07-20 11:42:19.734 DEBUG 19388 --- [           main] org.apache.http.wire                     : http-outgoing-0 << "Via: 1.1 9b311162717b41c968f6f00426d88aaa.cloudfront.net (CloudFront)[\r][\n]"
2022-07-20 11:42:19.735 DEBUG 19388 --- [           main] org.apache.http.wire                     : http-outgoing-0 << "X-Amz-Cf-Pop: HIO50-C1[\r][\n]"
2022-07-20 11:42:19.735 DEBUG 19388 --- [           main] org.apache.http.wire                     : http-outgoing-0 << "X-Amz-Cf-Id: 9S-c9HxR2M9Xp4FW_3946NRw5G_s29NbROzBKsp08roGfGca1tN4iA==[\r][\n]"
2022-07-20 11:42:19.735 DEBUG 19388 --- [           main] org.apache.http.wire                     : http-outgoing-0 << "Age: 256093[\r][\n]"
2022-07-20 11:42:19.735 DEBUG 19388 --- [           main] org.apache.http.wire                     : http-outgoing-0 << "x-envoy-upstream-service-time: 37[\r][\n]"
2022-07-20 11:42:19.735 DEBUG 19388 --- [           main] org.apache.http.wire                     : http-outgoing-0 << "Strict-Transport-Security: max-age=31536000[\r][\n]"
2022-07-20 11:42:19.736 DEBUG 19388 --- [           main] org.apache.http.wire                     : http-outgoing-0 << "[\r][\n]"
2022-07-20 11:42:19.736 DEBUG 19388 --- [           main] org.apache.http.wire                     : http-outgoing-0 << "[\r][\n]"
2022-07-20 11:42:19.736 DEBUG 19388 --- [           main] org.apache.http.wire                     : http-outgoing-0 << "{  [\r][\n]"
2022-07-20 11:42:19.736 DEBUG 19388 --- [           main] org.apache.http.wire                     : http-outgoing-0 << "   "issuer":"https://oauth.platform.intuit.com/op/v1",[\r][\n]"
2022-07-20 11:42:19.736 DEBUG 19388 --- [           main] org.apache.http.wire                     : http-outgoing-0 << "   "authorization_endpoint":"https://appcenter.intuit.com/connect/oauth2",[\r][\n]"
2022-07-20 11:42:19.736 DEBUG 19388 --- [           main] org.apache.http.wire                     : http-outgoing-0 << "   "token_endpoint":"https://oauth.platform.intuit.com/oauth2/v1/tokens/bearer",[\r][\n]"
2022-07-20 11:42:19.737 DEBUG 19388 --- [           main] org.apache.http.wire                     : http-outgoing-0 << "   "userinfo_endpoint":"https://sandbox-accounts.platform.intuit.com/v1/openid_connect/userinfo",[\r][\n]"
2022-07-20 11:42:19.737 DEBUG 19388 --- [           main] org.apache.http.wire                     : http-outgoing-0 << "   "revocation_endpoint":"https://developer.api.intuit.com/v2/oauth2/tokens/revoke",[\r][\n]"
2022-07-20 11:42:19.737 DEBUG 19388 --- [           main] org.apache.http.wire                     : http-outgoing-0 << "   "jwks_uri":"https://oauth.platform.intuit.com/op/v1/jwks",[\r][\n]"
2022-07-20 11:42:19.737 DEBUG 19388 --- [           main] org.apache.http.wire                     : http-outgoing-0 << "   "response_types_supported":[  [\r][\n]"
2022-07-20 11:42:19.737 DEBUG 19388 --- [           main] org.apache.http.wire                     : http-outgoing-0 << "      "code"[\r][\n]"
2022-07-20 11:42:19.738 DEBUG 19388 --- [           main] org.apache.http.wire                     : http-outgoing-0 << "   ],[\r][\n]"
2022-07-20 11:42:19.738 DEBUG 19388 --- [           main] org.apache.http.wire                     : http-outgoing-0 << "   "subject_types_supported":[  [\r][\n]"
2022-07-20 11:42:19.738 DEBUG 19388 --- [           main] org.apache.http.wire                     : http-outgoing-0 << "      "public"[\r][\n]"
2022-07-20 11:42:19.738 DEBUG 19388 --- [           main] org.apache.http.wire                     : http-outgoing-0 << "   ],[\r][\n]"
2022-07-20 11:42:19.738 DEBUG 19388 --- [           main] org.apache.http.wire                     : http-outgoing-0 << "   "id_token_signing_alg_values_supported":[  [\r][\n]"
2022-07-20 11:42:19.738 DEBUG 19388 --- [           main] org.apache.http.wire                     : http-outgoing-0 << "      "RS256"[\r][\n]"
2022-07-20 11:42:19.738 DEBUG 19388 --- [           main] org.apache.http.wire                     : http-outgoing-0 << "   ],[\r][\n]"
2022-07-20 11:42:19.738 DEBUG 19388 --- [           main] org.apache.http.wire                     : http-outgoing-0 << "   "scopes_supported":[  [\r][\n]"
2022-07-20 11:42:19.739 DEBUG 19388 --- [           main] org.apache.http.wire                     : http-outgoing-0 << "      "openid",[\r][\n]"
2022-07-20 11:42:19.739 DEBUG 19388 --- [           main] org.apache.http.wire                     : http-outgoing-0 << "      "email",[\r][\n]"
2022-07-20 11:42:19.739 DEBUG 19388 --- [           main] org.apache.http.wire                     : http-outgoing-0 << "      "profile",[\r][\n]"
2022-07-20 11:42:19.739 DEBUG 19388 --- [           main] org.apache.http.wire                     : http-outgoing-0 << "      "address",[\r][\n]"
2022-07-20 11:42:19.739 DEBUG 19388 --- [           main] org.apache.http.wire                     : http-outgoing-0 << "      "phone"[\r][\n]"
2022-07-20 11:42:19.739 DEBUG 19388 --- [           main] org.apache.http.wire                     : http-outgoing-0 << "   ],[\r][\n]"
2022-07-20 11:42:19.739 DEBUG 19388 --- [           main] org.apache.http.wire                     : http-outgoing-0 << "   "token_endpoint_auth_methods_supported":[  [\r][\n]"
2022-07-20 11:42:19.739 DEBUG 19388 --- [           main] org.apache.http.wire                     : http-outgoing-0 << "      "client_secret_post",[\r][\n]"
2022-07-20 11:42:19.739 DEBUG 19388 --- [           main] org.apache.http.wire                     : http-outgoing-0 << "      "client_secret_basic"[\r][\n]"
2022-07-20 11:42:19.740 DEBUG 19388 --- [           main] org.apache.http.wire                     : http-outgoing-0 << "   ],[\r][\n]"
2022-07-20 11:42:19.740 DEBUG 19388 --- [           main] org.apache.http.wire                     : http-outgoing-0 << "   "claims_supported":[  [\r][\n]"
2022-07-20 11:42:19.740 DEBUG 19388 --- [           main] org.apache.http.wire                     : http-outgoing-0 << "      "aud",[\r][\n]"
2022-07-20 11:42:19.740 DEBUG 19388 --- [           main] org.apache.http.wire                     : http-outgoing-0 << "      "exp",[\r][\n]"
2022-07-20 11:42:19.740 DEBUG 19388 --- [           main] org.apache.http.wire                     : http-outgoing-0 << "      "iat",[\r][\n]"
2022-07-20 11:42:19.740 DEBUG 19388 --- [           main] org.apache.http.wire                     : http-outgoing-0 << "      "iss",[\r][\n]"
2022-07-20 11:42:19.740 DEBUG 19388 --- [           main] org.apache.http.wire                     : http-outgoing-0 << "      "realmid",[\r][\n]"
2022-07-20 11:42:19.740 DEBUG 19388 --- [           main] org.apache.http.wire                     : http-outgoing-0 << "      "sub"[\r][\n]"
2022-07-20 11:42:19.740 DEBUG 19388 --- [           main] org.apache.http.wire                     : http-outgoing-0 << "   ][\r][\n]"
2022-07-20 11:42:19.740 DEBUG 19388 --- [           main] org.apache.http.wire                     : http-outgoing-0 << "}[\r][\n]"
2022-07-20 11:42:19.746 DEBUG 19388 --- [           main] org.apache.http.headers                  : http-outgoing-0 << HTTP/1.1 200 OK
2022-07-20 11:42:19.747 DEBUG 19388 --- [           main] org.apache.http.headers                  : http-outgoing-0 << Date: Wed, 20 Jul 2022 06:12:18 GMT
2022-07-20 11:42:19.747 DEBUG 19388 --- [           main] org.apache.http.headers                  : http-outgoing-0 << Content-Type: application/json
2022-07-20 11:42:19.747 DEBUG 19388 --- [           main] org.apache.http.headers                  : http-outgoing-0 << Content-Length: 1006
2022-07-20 11:42:19.747 DEBUG 19388 --- [           main] org.apache.http.headers                  : http-outgoing-0 << Connection: keep-alive
2022-07-20 11:42:19.747 DEBUG 19388 --- [           main] org.apache.http.headers                  : http-outgoing-0 << intuit_tid: 1-62d79cc2-724283c2399958cf640b1d78
2022-07-20 11:42:19.747 DEBUG 19388 --- [           main] org.apache.http.headers                  : http-outgoing-0 << x-spanid: a0ca5f9a-4bea-4839-94cf-ef36439e5918
2022-07-20 11:42:19.747 DEBUG 19388 --- [           main] org.apache.http.headers                  : http-outgoing-0 << x-amzn-trace-id: Root=1-62d79cc2-724283c2399958cf640b1d78
2022-07-20 11:42:19.747 DEBUG 19388 --- [           main] org.apache.http.headers                  : http-outgoing-0 << X-Content-Type-Options: nosniff
2022-07-20 11:42:19.748 DEBUG 19388 --- [           main] org.apache.http.headers                  : http-outgoing-0 << Server: envoy
2022-07-20 11:42:19.748 DEBUG 19388 --- [           main] org.apache.http.headers                  : http-outgoing-0 << Last-Modified: Wed, 18 Mar 2020 03:21:12 GMT
2022-07-20 11:42:19.748 DEBUG 19388 --- [           main] org.apache.http.headers                  : http-outgoing-0 << ETag: "665940ee6c04a65f93fc17b219716c4e"
2022-07-20 11:42:19.749 DEBUG 19388 --- [           main] org.apache.http.headers                  : http-outgoing-0 << x-amz-version-id: _xvn_QQfrEn7kCmtCPMTn2sEfdRqhpyB
2022-07-20 11:42:19.749 DEBUG 19388 --- [           main] org.apache.http.headers                  : http-outgoing-0 << Accept-Ranges: bytes
2022-07-20 11:42:19.750 DEBUG 19388 --- [           main] org.apache.http.headers                  : http-outgoing-0 << X-Cache: Hit from cloudfront
2022-07-20 11:42:19.750 DEBUG 19388 --- [           main] org.apache.http.headers                  : http-outgoing-0 << Via: 1.1 9b311162717b41c968f6f00426d88aaa.cloudfront.net (CloudFront)
2022-07-20 11:42:19.750 DEBUG 19388 --- [           main] org.apache.http.headers                  : http-outgoing-0 << X-Amz-Cf-Pop: HIO50-C1
2022-07-20 11:42:19.750 DEBUG 19388 --- [           main] org.apache.http.headers                  : http-outgoing-0 << X-Amz-Cf-Id: 9S-c9HxR2M9Xp4FW_3946NRw5G_s29NbROzBKsp08roGfGca1tN4iA==
2022-07-20 11:42:19.750 DEBUG 19388 --- [           main] org.apache.http.headers                  : http-outgoing-0 << Age: 256093
2022-07-20 11:42:19.751 DEBUG 19388 --- [           main] org.apache.http.headers                  : http-outgoing-0 << x-envoy-upstream-service-time: 37
2022-07-20 11:42:19.751 DEBUG 19388 --- [           main] org.apache.http.headers                  : http-outgoing-0 << Strict-Transport-Security: max-age=31536000
2022-07-20 11:42:19.765 DEBUG 19388 --- [           main] o.a.http.impl.execchain.MainClientExec   : Connection can be kept alive indefinitely
2022-07-20 11:42:19.773  INFO 19388 --- [           main] com.intuit.oauth2                        : httpStatusCode : 200
2022-07-20 11:42:20.018 DEBUG 19388 --- [           main] h.i.c.PoolingHttpClientConnectionManager : Connection [id: 0][route: {s}->https://developer.api.intuit.com:443] can be kept alive indefinitely
2022-07-20 11:42:20.018 DEBUG 19388 --- [           main] h.i.c.DefaultManagedHttpClientConnection : http-outgoing-0: set socket timeout to 0
2022-07-20 11:42:20.020 DEBUG 19388 --- [           main] h.i.c.PoolingHttpClientConnectionManager : Connection released: [id: 0][route: {s}->https://developer.api.intuit.com:443][total available: 1; route allocated: 1 of 2; total allocated: 1 of 20]
2022-07-20 11:42:20.516 DEBUG 19388 --- [      Finalizer] h.i.c.PoolingHttpClientConnectionManager : Connection manager is shutting down
2022-07-20 11:42:20.517 DEBUG 19388 --- [      Finalizer] h.i.c.DefaultManagedHttpClientConnection : http-outgoing-0: Close connection
2022-07-20 11:42:20.518 DEBUG 19388 --- [      Finalizer] h.i.c.PoolingHttpClientConnectionManager : Connection manager shut down
2022-07-20 11:42:20.716  INFO 19388 --- [           main] org.mongodb.driver.client                : MongoClient with metadata {"driver": {"name": "mongo-java-driver|sync|spring-boot", "version": "4.6.1"}, "os": {"type": "Windows", "name": "Windows 10", "architecture": "amd64", "version": "10.0"}, "platform": "Java/Eclipse Adoptium/17.0.2+8"} created with settings MongoClientSettings{readPreference=primary, writeConcern=WriteConcern{w=null, wTimeout=null ms, journal=null}, retryWrites=true, retryReads=true, readConcern=ReadConcern{level=null}, credential=null, streamFactoryFactory=null, commandListeners=[], codecRegistry=ProvidersCodecRegistry{codecProviders=[ValueCodecProvider{}, BsonValueCodecProvider{}, DBRefCodecProvider{}, DBObjectCodecProvider{}, DocumentCodecProvider{}, IterableCodecProvider{}, MapCodecProvider{}, GeoJsonCodecProvider{}, GridFSFileCodecProvider{}, Jsr310CodecProvider{}, JsonObjectCodecProvider{}, BsonCodecProvider{}, EnumCodecProvider{}, com.mongodb.Jep395RecordCodecProvider@6a567f7b]}, clusterSettings={hosts=[127.0.0.1:27017], srvServiceName=mongodb, mode=SINGLE, requiredClusterType=UNKNOWN, requiredReplicaSetName='null', serverSelector='null', clusterListeners='[]', serverSelectionTimeout='30000 ms', localThreshold='30000 ms'}, socketSettings=SocketSettings{connectTimeoutMS=10000, readTimeoutMS=0, receiveBufferSize=0, sendBufferSize=0}, heartbeatSocketSettings=SocketSettings{connectTimeoutMS=10000, readTimeoutMS=10000, receiveBufferSize=0, sendBufferSize=0}, connectionPoolSettings=ConnectionPoolSettings{maxSize=100, minSize=0, maxWaitTimeMS=120000, maxConnectionLifeTimeMS=0, maxConnectionIdleTimeMS=0, maintenanceInitialDelayMS=0, maintenanceFrequencyMS=60000, connectionPoolListeners=[], maxConnecting=2}, serverSettings=ServerSettings{heartbeatFrequencyMS=10000, minHeartbeatFrequencyMS=500, serverListeners='[]', serverMonitorListeners='[]'}, sslSettings=SslSettings{enabled=false, invalidHostNameAllowed=false, context=null}, applicationName='null', compressorList=[], uuidRepresentation=JAVA_LEGACY, serverApi=null, autoEncryptionSettings=null, contextProvider=null}
2022-07-20 11:42:20.718  INFO 19388 --- [127.0.0.1:27017] org.mongodb.driver.connection            : Opened connection [connectionId{localValue:2, serverValue:451}] to 127.0.0.1:27017
2022-07-20 11:42:20.718  INFO 19388 --- [127.0.0.1:27017] org.mongodb.driver.connection            : Opened connection [connectionId{localValue:1, serverValue:450}] to 127.0.0.1:27017
2022-07-20 11:42:20.718  INFO 19388 --- [127.0.0.1:27017] org.mongodb.driver.cluster               : Monitor thread successfully connected to server with description ServerDescription{address=127.0.0.1:27017, type=STANDALONE, state=CONNECTED, ok=true, minWireVersion=0, maxWireVersion=13, maxDocumentSize=16777216, logicalSessionTimeoutMinutes=30, roundTripTimeNanos=40493100}
2022-07-20 11:42:21.018  WARN 19388 --- [           main] o.s.data.convert.CustomConversions       : Registering converter from class java.time.LocalDateTime to class org.joda.time.LocalDateTime as reading converter although it doesn't convert from a store-supported type; You might want to check your annotation setup at the converter implementation
2022-07-20 11:42:21.457  WARN 19388 --- [           main] o.s.data.convert.CustomConversions       : Registering converter from class java.time.LocalDateTime to class org.joda.time.LocalDateTime as reading converter although it doesn't convert from a store-supported type; You might want to check your annotation setup at the converter implementation
2022-07-20 11:42:21.981  INFO 19388 --- [           main] org.mongodb.driver.connection            : Opened connection [connectionId{localValue:3, serverValue:452}] to 127.0.0.1:27017
2022-07-20 11:42:22.091  WARN 19388 --- [           main] o.s.w.c.s.GenericWebApplicationContext   : Exception encountered during context initialization - cancelling refresh attempt: org.springframework.beans.factory.UnsatisfiedDependencyException: Error creating bean with name 'quickBookIntegration': Unsatisfied dependency expressed through field 'connectionServiceImpl'; nested exception is org.springframework.beans.factory.UnsatisfiedDependencyException: Error creating bean with name 'connectionServiceImpl': Unsatisfied dependency expressed through field 'connectionDao'; nested exception is org.springframework.beans.factory.UnsatisfiedDependencyException: Error creating bean with name 'connectionDao': Unsatisfied dependency expressed through field 'connectionRepo'; nested exception is org.springframework.beans.factory.BeanCreationException: Error creating bean with name 'connectionRepositery' defined in com.invoice_acounting.repositery.ConnectionRepositery defined in @EnableMongoRepositories declared on MongoRepositoriesRegistrar.EnableMongoRepositoriesConfiguration: Cannot resolve reference to bean 'mongoTemplate' while setting bean property 'mongoOperations'; nested exception is org.springframework.beans.factory.BeanCreationException: Error creating bean with name 'mongoTemplate' defined in class path resource [org/springframework/boot/autoconfigure/data/mongo/MongoDatabaseFactoryDependentConfiguration.class]: Bean instantiation via factory method failed; nested exception is org.springframework.beans.BeanInstantiationException: Failed to instantiate [org.springframework.data.mongodb.core.MongoTemplate]: Factory method 'mongoTemplate' threw exception; nested exception is org.springframework.dao.DuplicateKeyException: Write failed with error code 11000 and error message 'Index build failed: 642b5383-acf1-47c8-8c52-a1c8f9c8b0d6: Collection quick_accounting.customers ( 9b0b10e1-7ef0-4f0b-8e1d-253269f96ef1 ) :: caused by :: E11000 duplicate key error collection: quick_accounting.customers index: displayName dup key: { displayName: "siddharth patidat" }'; nested exception is com.mongodb.DuplicateKeyException: Write failed with error code 11000 and error message 'Index build failed: 642b5383-acf1-47c8-8c52-a1c8f9c8b0d6: Collection quick_accounting.customers ( 9b0b10e1-7ef0-4f0b-8e1d-253269f96ef1 ) :: caused by :: E11000 duplicate key error collection: quick_accounting.customers index: displayName dup key: { displayName: "siddharth patidat" }'
2022-07-20 11:42:22.126  INFO 19388 --- [           main] ConditionEvaluationReportLoggingListener : 

Error starting ApplicationContext. To display the conditions report re-run your application with 'debug' enabled.
2022-07-20 11:42:22.212 ERROR 19388 --- [           main] o.s.boot.SpringApplication               : Application run failed

org.springframework.beans.factory.UnsatisfiedDependencyException: Error creating bean with name 'quickBookIntegration': Unsatisfied dependency expressed through field 'connectionServiceImpl'; nested exception is org.springframework.beans.factory.UnsatisfiedDependencyException: Error creating bean with name 'connectionServiceImpl': Unsatisfied dependency expressed through field 'connectionDao'; nested exception is org.springframework.beans.factory.UnsatisfiedDependencyException: Error creating bean with name 'connectionDao': Unsatisfied dependency expressed through field 'connectionRepo'; nested exception is org.springframework.beans.factory.BeanCreationException: Error creating bean with name 'connectionRepositery' defined in com.invoice_acounting.repositery.ConnectionRepositery defined in @EnableMongoRepositories declared on MongoRepositoriesRegistrar.EnableMongoRepositoriesConfiguration: Cannot resolve reference to bean 'mongoTemplate' while setting bean property 'mongoOperations'; nested exception is org.springframework.beans.factory.BeanCreationException: Error creating bean with name 'mongoTemplate' defined in class path resource [org/springframework/boot/autoconfigure/data/mongo/MongoDatabaseFactoryDependentConfiguration.class]: Bean instantiation via factory method failed; nested exception is org.springframework.beans.BeanInstantiationException: Failed to instantiate [org.springframework.data.mongodb.core.MongoTemplate]: Factory method 'mongoTemplate' threw exception; nested exception is org.springframework.dao.DuplicateKeyException: Write failed with error code 11000 and error message 'Index build failed: 642b5383-acf1-47c8-8c52-a1c8f9c8b0d6: Collection quick_accounting.customers ( 9b0b10e1-7ef0-4f0b-8e1d-253269f96ef1 ) :: caused by :: E11000 duplicate key error collection: quick_accounting.customers index: displayName dup key: { displayName: "siddharth patidat" }'; nested exception is com.mongodb.DuplicateKeyException: Write failed with error code 11000 and error message 'Index build failed: 642b5383-acf1-47c8-8c52-a1c8f9c8b0d6: Collection quick_accounting.customers ( 9b0b10e1-7ef0-4f0b-8e1d-253269f96ef1 ) :: caused by :: E11000 duplicate key error collection: quick_accounting.customers index: displayName dup key: { displayName: "siddharth patidat" }'
	at org.springframework.beans.factory.annotation.AutowiredAnnotationBeanPostProcessor$AutowiredFieldElement.resolveFieldValue(AutowiredAnnotationBeanPostProcessor.java:659) ~[spring-beans-5.3.21.jar:5.3.21]
	at org.springframework.beans.factory.annotation.AutowiredAnnotationBeanPostProcessor$AutowiredFieldElement.inject(AutowiredAnnotationBeanPostProcessor.java:639) ~[spring-beans-5.3.21.jar:5.3.21]
	at org.springframework.beans.factory.annotation.InjectionMetadata.inject(InjectionMetadata.java:119) ~[spring-beans-5.3.21.jar:5.3.21]
	at org.springframework.beans.factory.annotation.AutowiredAnnotationBeanPostProcessor.postProcessProperties(AutowiredAnnotationBeanPostProcessor.java:399) ~[spring-beans-5.3.21.jar:5.3.21]
	at org.springframework.beans.factory.support.AbstractAutowireCapableBeanFactory.populateBean(AbstractAutowireCapableBeanFactory.java:1431) ~[spring-beans-5.3.21.jar:5.3.21]
	at org.springframework.beans.factory.support.AbstractAutowireCapableBeanFactory.doCreateBean(AbstractAutowireCapableBeanFactory.java:619) ~[spring-beans-5.3.21.jar:5.3.21]
	at org.springframework.beans.factory.support.AbstractAutowireCapableBeanFactory.createBean(AbstractAutowireCapableBeanFactory.java:542) ~[spring-beans-5.3.21.jar:5.3.21]
	at org.springframework.beans.factory.support.AbstractBeanFactory.lambda$doGetBean$0(AbstractBeanFactory.java:335) ~[spring-beans-5.3.21.jar:5.3.21]
	at org.springframework.beans.factory.support.DefaultSingletonBeanRegistry.getSingleton(DefaultSingletonBeanRegistry.java:234) ~[spring-beans-5.3.21.jar:5.3.21]
	at org.springframework.beans.factory.support.AbstractBeanFactory.doGetBean(AbstractBeanFactory.java:333) ~[spring-beans-5.3.21.jar:5.3.21]
	at org.springframework.beans.factory.support.AbstractBeanFactory.getBean(AbstractBeanFactory.java:208) ~[spring-beans-5.3.21.jar:5.3.21]
	at org.springframework.beans.factory.support.DefaultListableBeanFactory.preInstantiateSingletons(DefaultListableBeanFactory.java:955) ~[spring-beans-5.3.21.jar:5.3.21]
	at org.springframework.context.support.AbstractApplicationContext.finishBeanFactoryInitialization(AbstractApplicationContext.java:918) ~[spring-context-5.3.21.jar:5.3.21]
	at org.springframework.context.support.AbstractApplicationContext.refresh(AbstractApplicationContext.java:583) ~[spring-context-5.3.21.jar:5.3.21]
	at org.springframework.boot.SpringApplication.refresh(SpringApplication.java:734) ~[spring-boot-2.7.1.jar:2.7.1]
	at org.springframework.boot.SpringApplication.refreshContext(SpringApplication.java:408) ~[spring-boot-2.7.1.jar:2.7.1]
	at org.springframework.boot.SpringApplication.run(SpringApplication.java:308) ~[spring-boot-2.7.1.jar:2.7.1]
	at org.springframework.boot.test.context.SpringBootContextLoader.loadContext(SpringBootContextLoader.java:132) ~[spring-boot-test-2.7.1.jar:2.7.1]
	at org.springframework.test.context.cache.DefaultCacheAwareContextLoaderDelegate.loadContextInternal(DefaultCacheAwareContextLoaderDelegate.java:99) ~[spring-test-5.3.21.jar:5.3.21]
	at org.springframework.test.context.cache.DefaultCacheAwareContextLoaderDelegate.loadContext(DefaultCacheAwareContextLoaderDelegate.java:124) ~[spring-test-5.3.21.jar:5.3.21]
	at org.springframework.test.context.support.DefaultTestContext.getApplicationContext(DefaultTestContext.java:124) ~[spring-test-5.3.21.jar:5.3.21]
	at org.springframework.test.context.web.ServletTestExecutionListener.setUpRequestContextIfNecessary(ServletTestExecutionListener.java:190) ~[spring-test-5.3.21.jar:5.3.21]
	at org.springframework.test.context.web.ServletTestExecutionListener.prepareTestInstance(ServletTestExecutionListener.java:132) ~[spring-test-5.3.21.jar:5.3.21]
	at org.springframework.test.context.TestContextManager.prepareTestInstance(TestContextManager.java:248) ~[spring-test-5.3.21.jar:5.3.21]
	at org.springframework.test.context.junit.jupiter.SpringExtension.postProcessTestInstance(SpringExtension.java:138) ~[spring-test-5.3.21.jar:5.3.21]
	at org.junit.jupiter.engine.descriptor.ClassBasedTestDescriptor.lambda$invokeTestInstancePostProcessors$8(ClassBasedTestDescriptor.java:363) ~[junit-jupiter-engine-5.8.2.jar:5.8.2]
	at org.junit.jupiter.engine.descriptor.ClassBasedTestDescriptor.executeAndMaskThrowable(ClassBasedTestDescriptor.java:368) ~[junit-jupiter-engine-5.8.2.jar:5.8.2]
	at org.junit.jupiter.engine.descriptor.ClassBasedTestDescriptor.lambda$invokeTestInstancePostProcessors$9(ClassBasedTestDescriptor.java:363) ~[junit-jupiter-engine-5.8.2.jar:5.8.2]
	at java.base/java.util.stream.ReferencePipeline$3$1.accept(ReferencePipeline.java:197) ~[na:na]
	at java.base/java.util.stream.ReferencePipeline$2$1.accept(ReferencePipeline.java:179) ~[na:na]
	at java.base/java.util.ArrayList$ArrayListSpliterator.forEachRemaining(ArrayList.java:1625) ~[na:na]
	at java.base/java.util.stream.AbstractPipeline.copyInto(AbstractPipeline.java:509) ~[na:na]
	at java.base/java.util.stream.AbstractPipeline.wrapAndCopyInto(AbstractPipeline.java:499) ~[na:na]
	at java.base/java.util.stream.StreamSpliterators$WrappingSpliterator.forEachRemaining(StreamSpliterators.java:310) ~[na:na]
	at java.base/java.util.stream.Streams$ConcatSpliterator.forEachRemaining(Streams.java:735) ~[na:na]
	at java.base/java.util.stream.Streams$ConcatSpliterator.forEachRemaining(Streams.java:734) ~[na:na]
	at java.base/java.util.stream.ReferencePipeline$Head.forEach(ReferencePipeline.java:762) ~[na:na]
	at org.junit.jupiter.engine.descriptor.ClassBasedTestDescriptor.invokeTestInstancePostProcessors(ClassBasedTestDescriptor.java:362) ~[junit-jupiter-engine-5.8.2.jar:5.8.2]
	at org.junit.jupiter.engine.descriptor.ClassBasedTestDescriptor.lambda$instantiateAndPostProcessTestInstance$6(ClassBasedTestDescriptor.java:283) ~[junit-jupiter-engine-5.8.2.jar:5.8.2]
	at org.junit.platform.engine.support.hierarchical.ThrowableCollector.execute(ThrowableCollector.java:73) ~[junit-platform-engine-1.8.2.jar:1.8.2]
	at org.junit.jupiter.engine.descriptor.ClassBasedTestDescriptor.instantiateAndPostProcessTestInstance(ClassBasedTestDescriptor.java:282) ~[junit-jupiter-engine-5.8.2.jar:5.8.2]
	at org.junit.jupiter.engine.descriptor.ClassBasedTestDescriptor.lambda$testInstancesProvider$4(ClassBasedTestDescriptor.java:272) ~[junit-jupiter-engine-5.8.2.jar:5.8.2]
	at java.base/java.util.Optional.orElseGet(Optional.java:364) ~[na:na]
	at org.junit.jupiter.engine.descriptor.ClassBasedTestDescriptor.lambda$testInstancesProvider$5(ClassBasedTestDescriptor.java:271) ~[junit-jupiter-engine-5.8.2.jar:5.8.2]
	at org.junit.jupiter.engine.execution.TestInstancesProvider.getTestInstances(TestInstancesProvider.java:31) ~[junit-jupiter-engine-5.8.2.jar:5.8.2]
	at org.junit.jupiter.engine.descriptor.TestMethodTestDescriptor.lambda$prepare$0(TestMethodTestDescriptor.java:102) ~[junit-jupiter-engine-5.8.2.jar:5.8.2]
	at org.junit.platform.engine.support.hierarchical.ThrowableCollector.execute(ThrowableCollector.java:73) ~[junit-platform-engine-1.8.2.jar:1.8.2]
	at org.junit.jupiter.engine.descriptor.TestMethodTestDescriptor.prepare(TestMethodTestDescriptor.java:101) ~[junit-jupiter-engine-5.8.2.jar:5.8.2]
	at org.junit.jupiter.engine.descriptor.TestMethodTestDescriptor.prepare(TestMethodTestDescriptor.java:66) ~[junit-jupiter-engine-5.8.2.jar:5.8.2]
	at org.junit.platform.engine.support.hierarchical.NodeTestTask.lambda$prepare$2(NodeTestTask.java:123) ~[junit-platform-engine-1.8.2.jar:1.8.2]
	at org.junit.platform.engine.support.hierarchical.ThrowableCollector.execute(ThrowableCollector.java:73) ~[junit-platform-engine-1.8.2.jar:1.8.2]
	at org.junit.platform.engine.support.hierarchical.NodeTestTask.prepare(NodeTestTask.java:123) ~[junit-platform-engine-1.8.2.jar:1.8.2]
	at org.junit.platform.engine.support.hierarchical.NodeTestTask.execute(NodeTestTask.java:90) ~[junit-platform-engine-1.8.2.jar:1.8.2]
	at java.base/java.util.ArrayList.forEach(ArrayList.java:1511) ~[na:na]
	at org.junit.platform.engine.support.hierarchical.SameThreadHierarchicalTestExecutorService.invokeAll(SameThreadHierarchicalTestExecutorService.java:41) ~[junit-platform-engine-1.8.2.jar:1.8.2]
	at org.junit.platform.engine.support.hierarchical.NodeTestTask.lambda$executeRecursively$6(NodeTestTask.java:155) ~[junit-platform-engine-1.8.2.jar:1.8.2]
	at org.junit.platform.engine.support.hierarchical.ThrowableCollector.execute(ThrowableCollector.java:73) ~[junit-platform-engine-1.8.2.jar:1.8.2]
	at org.junit.platform.engine.support.hierarchical.NodeTestTask.lambda$executeRecursively$8(NodeTestTask.java:141) ~[junit-platform-engine-1.8.2.jar:1.8.2]
	at org.junit.platform.engine.support.hierarchical.Node.around(Node.java:137) ~[junit-platform-engine-1.8.2.jar:1.8.2]
	at org.junit.platform.engine.support.hierarchical.NodeTestTask.lambda$executeRecursively$9(NodeTestTask.java:139) ~[junit-platform-engine-1.8.2.jar:1.8.2]
	at org.junit.platform.engine.support.hierarchical.ThrowableCollector.execute(ThrowableCollector.java:73) ~[junit-platform-engine-1.8.2.jar:1.8.2]
	at org.junit.platform.engine.support.hierarchical.NodeTestTask.executeRecursively(NodeTestTask.java:138) ~[junit-platform-engine-1.8.2.jar:1.8.2]
	at org.junit.platform.engine.support.hierarchical.NodeTestTask.execute(NodeTestTask.java:95) ~[junit-platform-engine-1.8.2.jar:1.8.2]
	at java.base/java.util.ArrayList.forEach(ArrayList.java:1511) ~[na:na]
	at org.junit.platform.engine.support.hierarchical.SameThreadHierarchicalTestExecutorService.invokeAll(SameThreadHierarchicalTestExecutorService.java:41) ~[junit-platform-engine-1.8.2.jar:1.8.2]
	at org.junit.platform.engine.support.hierarchical.NodeTestTask.lambda$executeRecursively$6(NodeTestTask.java:155) ~[junit-platform-engine-1.8.2.jar:1.8.2]
	at org.junit.platform.engine.support.hierarchical.ThrowableCollector.execute(ThrowableCollector.java:73) ~[junit-platform-engine-1.8.2.jar:1.8.2]
	at org.junit.platform.engine.support.hierarchical.NodeTestTask.lambda$executeRecursively$8(NodeTestTask.java:141) ~[junit-platform-engine-1.8.2.jar:1.8.2]
	at org.junit.platform.engine.support.hierarchical.Node.around(Node.java:137) ~[junit-platform-engine-1.8.2.jar:1.8.2]
	at org.junit.platform.engine.support.hierarchical.NodeTestTask.lambda$executeRecursively$9(NodeTestTask.java:139) ~[junit-platform-engine-1.8.2.jar:1.8.2]
	at org.junit.platform.engine.support.hierarchical.ThrowableCollector.execute(ThrowableCollector.java:73) ~[junit-platform-engine-1.8.2.jar:1.8.2]
	at org.junit.platform.engine.support.hierarchical.NodeTestTask.executeRecursively(NodeTestTask.java:138) ~[junit-platform-engine-1.8.2.jar:1.8.2]
	at org.junit.platform.engine.support.hierarchical.NodeTestTask.execute(NodeTestTask.java:95) ~[junit-platform-engine-1.8.2.jar:1.8.2]
	at org.junit.platform.engine.support.hierarchical.SameThreadHierarchicalTestExecutorService.submit(SameThreadHierarchicalTestExecutorService.java:35) ~[junit-platform-engine-1.8.2.jar:1.8.2]
	at org.junit.platform.engine.support.hierarchical.HierarchicalTestExecutor.execute(HierarchicalTestExecutor.java:57) ~[junit-platform-engine-1.8.2.jar:1.8.2]
	at org.junit.platform.engine.support.hierarchical.HierarchicalTestEngine.execute(HierarchicalTestEngine.java:54) ~[junit-platform-engine-1.8.2.jar:1.8.2]
	at org.junit.platform.launcher.core.DefaultLauncher.execute(DefaultLauncher.java:220) ~[junit-platform-launcher-1.3.1.jar:1.3.1]
	at org.junit.platform.launcher.core.DefaultLauncher.lambda$execute$6(DefaultLauncher.java:188) ~[junit-platform-launcher-1.3.1.jar:1.3.1]
	at org.junit.platform.launcher.core.DefaultLauncher.withInterceptedStreams(DefaultLauncher.java:202) ~[junit-platform-launcher-1.3.1.jar:1.3.1]
	at org.junit.platform.launcher.core.DefaultLauncher.execute(DefaultLauncher.java:181) ~[junit-platform-launcher-1.3.1.jar:1.3.1]
	at org.junit.platform.launcher.core.DefaultLauncher.execute(DefaultLauncher.java:128) ~[junit-platform-launcher-1.3.1.jar:1.3.1]
	at org.apache.maven.surefire.junitplatform.JUnitPlatformProvider.invokeAllTests(JUnitPlatformProvider.java:150) ~[surefire-junit-platform-2.22.2.jar:2.22.2]
	at org.apache.maven.surefire.junitplatform.JUnitPlatformProvider.invoke(JUnitPlatformProvider.java:124) ~[surefire-junit-platform-2.22.2.jar:2.22.2]
	at org.apache.maven.surefire.booter.ForkedBooter.invokeProviderInSameClassLoader(ForkedBooter.java:384) ~[surefire-booter-2.22.2.jar:2.22.2]
	at org.apache.maven.surefire.booter.ForkedBooter.runSuitesInProcess(ForkedBooter.java:345) ~[surefire-booter-2.22.2.jar:2.22.2]
	at org.apache.maven.surefire.booter.ForkedBooter.execute(ForkedBooter.java:126) ~[surefire-booter-2.22.2.jar:2.22.2]
	at org.apache.maven.surefire.booter.ForkedBooter.main(ForkedBooter.java:418) ~[surefire-booter-2.22.2.jar:2.22.2]
Caused by: org.springframework.beans.factory.UnsatisfiedDependencyException: Error creating bean with name 'connectionServiceImpl': Unsatisfied dependency expressed through field 'connectionDao'; nested exception is org.springframework.beans.factory.UnsatisfiedDependencyException: Error creating bean with name 'connectionDao': Unsatisfied dependency expressed through field 'connectionRepo'; nested exception is org.springframework.beans.factory.BeanCreationException: Error creating bean with name 'connectionRepositery' defined in com.invoice_acounting.repositery.ConnectionRepositery defined in @EnableMongoRepositories declared on MongoRepositoriesRegistrar.EnableMongoRepositoriesConfiguration: Cannot resolve reference to bean 'mongoTemplate' while setting bean property 'mongoOperations'; nested exception is org.springframework.beans.factory.BeanCreationException: Error creating bean with name 'mongoTemplate' defined in class path resource [org/springframework/boot/autoconfigure/data/mongo/MongoDatabaseFactoryDependentConfiguration.class]: Bean instantiation via factory method failed; nested exception is org.springframework.beans.BeanInstantiationException: Failed to instantiate [org.springframework.data.mongodb.core.MongoTemplate]: Factory method 'mongoTemplate' threw exception; nested exception is org.springframework.dao.DuplicateKeyException: Write failed with error code 11000 and error message 'Index build failed: 642b5383-acf1-47c8-8c52-a1c8f9c8b0d6: Collection quick_accounting.customers ( 9b0b10e1-7ef0-4f0b-8e1d-253269f96ef1 ) :: caused by :: E11000 duplicate key error collection: quick_accounting.customers index: displayName dup key: { displayName: "siddharth patidat" }'; nested exception is com.mongodb.DuplicateKeyException: Write failed with error code 11000 and error message 'Index build failed: 642b5383-acf1-47c8-8c52-a1c8f9c8b0d6: Collection quick_accounting.customers ( 9b0b10e1-7ef0-4f0b-8e1d-253269f96ef1 ) :: caused by :: E11000 duplicate key error collection: quick_accounting.customers index: displayName dup key: { displayName: "siddharth patidat" }'
	at org.springframework.beans.factory.annotation.AutowiredAnnotationBeanPostProcessor$AutowiredFieldElement.resolveFieldValue(AutowiredAnnotationBeanPostProcessor.java:659) ~[spring-beans-5.3.21.jar:5.3.21]
	at org.springframework.beans.factory.annotation.AutowiredAnnotationBeanPostProcessor$AutowiredFieldElement.inject(AutowiredAnnotationBeanPostProcessor.java:639) ~[spring-beans-5.3.21.jar:5.3.21]
	at org.springframework.beans.factory.annotation.InjectionMetadata.inject(InjectionMetadata.java:119) ~[spring-beans-5.3.21.jar:5.3.21]
	at org.springframework.beans.factory.annotation.AutowiredAnnotationBeanPostProcessor.postProcessProperties(AutowiredAnnotationBeanPostProcessor.java:399) ~[spring-beans-5.3.21.jar:5.3.21]
	at org.springframework.beans.factory.support.AbstractAutowireCapableBeanFactory.populateBean(AbstractAutowireCapableBeanFactory.java:1431) ~[spring-beans-5.3.21.jar:5.3.21]
	at org.springframework.beans.factory.support.AbstractAutowireCapableBeanFactory.doCreateBean(AbstractAutowireCapableBeanFactory.java:619) ~[spring-beans-5.3.21.jar:5.3.21]
	at org.springframework.beans.factory.support.AbstractAutowireCapableBeanFactory.createBean(AbstractAutowireCapableBeanFactory.java:542) ~[spring-beans-5.3.21.jar:5.3.21]
	at org.springframework.beans.factory.support.AbstractBeanFactory.lambda$doGetBean$0(AbstractBeanFactory.java:335) ~[spring-beans-5.3.21.jar:5.3.21]
	at org.springframework.beans.factory.support.DefaultSingletonBeanRegistry.getSingleton(DefaultSingletonBeanRegistry.java:234) ~[spring-beans-5.3.21.jar:5.3.21]
	at org.springframework.beans.factory.support.AbstractBeanFactory.doGetBean(AbstractBeanFactory.java:333) ~[spring-beans-5.3.21.jar:5.3.21]
	at org.springframework.beans.factory.support.AbstractBeanFactory.getBean(AbstractBeanFactory.java:208) ~[spring-beans-5.3.21.jar:5.3.21]
	at org.springframework.beans.factory.config.DependencyDescriptor.resolveCandidate(DependencyDescriptor.java:276) ~[spring-beans-5.3.21.jar:5.3.21]
	at org.springframework.beans.factory.support.DefaultListableBeanFactory.doResolveDependency(DefaultListableBeanFactory.java:1391) ~[spring-beans-5.3.21.jar:5.3.21]
	at org.springframework.beans.factory.support.DefaultListableBeanFactory.resolveDependency(DefaultListableBeanFactory.java:1311) ~[spring-beans-5.3.21.jar:5.3.21]
	at org.springframework.beans.factory.annotation.AutowiredAnnotationBeanPostProcessor$AutowiredFieldElement.resolveFieldValue(AutowiredAnnotationBeanPostProcessor.java:656) ~[spring-beans-5.3.21.jar:5.3.21]
	... 86 common frames omitted
Caused by: org.springframework.beans.factory.UnsatisfiedDependencyException: Error creating bean with name 'connectionDao': Unsatisfied dependency expressed through field 'connectionRepo'; nested exception is org.springframework.beans.factory.BeanCreationException: Error creating bean with name 'connectionRepositery' defined in com.invoice_acounting.repositery.ConnectionRepositery defined in @EnableMongoRepositories declared on MongoRepositoriesRegistrar.EnableMongoRepositoriesConfiguration: Cannot resolve reference to bean 'mongoTemplate' while setting bean property 'mongoOperations'; nested exception is org.springframework.beans.factory.BeanCreationException: Error creating bean with name 'mongoTemplate' defined in class path resource [org/springframework/boot/autoconfigure/data/mongo/MongoDatabaseFactoryDependentConfiguration.class]: Bean instantiation via factory method failed; nested exception is org.springframework.beans.BeanInstantiationException: Failed to instantiate [org.springframework.data.mongodb.core.MongoTemplate]: Factory method 'mongoTemplate' threw exception; nested exception is org.springframework.dao.DuplicateKeyException: Write failed with error code 11000 and error message 'Index build failed: 642b5383-acf1-47c8-8c52-a1c8f9c8b0d6: Collection quick_accounting.customers ( 9b0b10e1-7ef0-4f0b-8e1d-253269f96ef1 ) :: caused by :: E11000 duplicate key error collection: quick_accounting.customers index: displayName dup key: { displayName: "siddharth patidat" }'; nested exception is com.mongodb.DuplicateKeyException: Write failed with error code 11000 and error message 'Index build failed: 642b5383-acf1-47c8-8c52-a1c8f9c8b0d6: Collection quick_accounting.customers ( 9b0b10e1-7ef0-4f0b-8e1d-253269f96ef1 ) :: caused by :: E11000 duplicate key error collection: quick_accounting.customers index: displayName dup key: { displayName: "siddharth patidat" }'
	at org.springframework.beans.factory.annotation.AutowiredAnnotationBeanPostProcessor$AutowiredFieldElement.resolveFieldValue(AutowiredAnnotationBeanPostProcessor.java:659) ~[spring-beans-5.3.21.jar:5.3.21]
	at org.springframework.beans.factory.annotation.AutowiredAnnotationBeanPostProcessor$AutowiredFieldElement.inject(AutowiredAnnotationBeanPostProcessor.java:639) ~[spring-beans-5.3.21.jar:5.3.21]
	at org.springframework.beans.factory.annotation.InjectionMetadata.inject(InjectionMetadata.java:119) ~[spring-beans-5.3.21.jar:5.3.21]
	at org.springframework.beans.factory.annotation.AutowiredAnnotationBeanPostProcessor.postProcessProperties(AutowiredAnnotationBeanPostProcessor.java:399) ~[spring-beans-5.3.21.jar:5.3.21]
	at org.springframework.beans.factory.support.AbstractAutowireCapableBeanFactory.populateBean(AbstractAutowireCapableBeanFactory.java:1431) ~[spring-beans-5.3.21.jar:5.3.21]
	at org.springframework.beans.factory.support.AbstractAutowireCapableBeanFactory.doCreateBean(AbstractAutowireCapableBeanFactory.java:619) ~[spring-beans-5.3.21.jar:5.3.21]
	at org.springframework.beans.factory.support.AbstractAutowireCapableBeanFactory.createBean(AbstractAutowireCapableBeanFactory.java:542) ~[spring-beans-5.3.21.jar:5.3.21]
	at org.springframework.beans.factory.support.AbstractBeanFactory.lambda$doGetBean$0(AbstractBeanFactory.java:335) ~[spring-beans-5.3.21.jar:5.3.21]
	at org.springframework.beans.factory.support.DefaultSingletonBeanRegistry.getSingleton(DefaultSingletonBeanRegistry.java:234) ~[spring-beans-5.3.21.jar:5.3.21]
	at org.springframework.beans.factory.support.AbstractBeanFactory.doGetBean(AbstractBeanFactory.java:333) ~[spring-beans-5.3.21.jar:5.3.21]
	at org.springframework.beans.factory.support.AbstractBeanFactory.getBean(AbstractBeanFactory.java:208) ~[spring-beans-5.3.21.jar:5.3.21]
	at org.springframework.beans.factory.config.DependencyDescriptor.resolveCandidate(DependencyDescriptor.java:276) ~[spring-beans-5.3.21.jar:5.3.21]
	at org.springframework.beans.factory.support.DefaultListableBeanFactory.doResolveDependency(DefaultListableBeanFactory.java:1391) ~[spring-beans-5.3.21.jar:5.3.21]
	at org.springframework.beans.factory.support.DefaultListableBeanFactory.resolveDependency(DefaultListableBeanFactory.java:1311) ~[spring-beans-5.3.21.jar:5.3.21]
	at org.springframework.beans.factory.annotation.AutowiredAnnotationBeanPostProcessor$AutowiredFieldElement.resolveFieldValue(AutowiredAnnotationBeanPostProcessor.java:656) ~[spring-beans-5.3.21.jar:5.3.21]
	... 100 common frames omitted
Caused by: org.springframework.beans.factory.BeanCreationException: Error creating bean with name 'connectionRepositery' defined in com.invoice_acounting.repositery.ConnectionRepositery defined in @EnableMongoRepositories declared on MongoRepositoriesRegistrar.EnableMongoRepositoriesConfiguration: Cannot resolve reference to bean 'mongoTemplate' while setting bean property 'mongoOperations'; nested exception is org.springframework.beans.factory.BeanCreationException: Error creating bean with name 'mongoTemplate' defined in class path resource [org/springframework/boot/autoconfigure/data/mongo/MongoDatabaseFactoryDependentConfiguration.class]: Bean instantiation via factory method failed; nested exception is org.springframework.beans.BeanInstantiationException: Failed to instantiate [org.springframework.data.mongodb.core.MongoTemplate]: Factory method 'mongoTemplate' threw exception; nested exception is org.springframework.dao.DuplicateKeyException: Write failed with error code 11000 and error message 'Index build failed: 642b5383-acf1-47c8-8c52-a1c8f9c8b0d6: Collection quick_accounting.customers ( 9b0b10e1-7ef0-4f0b-8e1d-253269f96ef1 ) :: caused by :: E11000 duplicate key error collection: quick_accounting.customers index: displayName dup key: { displayName: "siddharth patidat" }'; nested exception is com.mongodb.DuplicateKeyException: Write failed with error code 11000 and error message 'Index build failed: 642b5383-acf1-47c8-8c52-a1c8f9c8b0d6: Collection quick_accounting.customers ( 9b0b10e1-7ef0-4f0b-8e1d-253269f96ef1 ) :: caused by :: E11000 duplicate key error collection: quick_accounting.customers index: displayName dup key: { displayName: "siddharth patidat" }'
	at org.springframework.beans.factory.support.BeanDefinitionValueResolver.resolveReference(BeanDefinitionValueResolver.java:342) ~[spring-beans-5.3.21.jar:5.3.21]
	at org.springframework.beans.factory.support.BeanDefinitionValueResolver.resolveValueIfNecessary(BeanDefinitionValueResolver.java:113) ~[spring-beans-5.3.21.jar:5.3.21]
	at org.springframework.beans.factory.support.AbstractAutowireCapableBeanFactory.applyPropertyValues(AbstractAutowireCapableBeanFactory.java:1707) ~[spring-beans-5.3.21.jar:5.3.21]
	at org.springframework.beans.factory.support.AbstractAutowireCapableBeanFactory.populateBean(AbstractAutowireCapableBeanFactory.java:1452) ~[spring-beans-5.3.21.jar:5.3.21]
	at org.springframework.beans.factory.support.AbstractAutowireCapableBeanFactory.doCreateBean(AbstractAutowireCapableBeanFactory.java:619) ~[spring-beans-5.3.21.jar:5.3.21]
	at org.springframework.beans.factory.support.AbstractAutowireCapableBeanFactory.createBean(AbstractAutowireCapableBeanFactory.java:542) ~[spring-beans-5.3.21.jar:5.3.21]
	at org.springframework.beans.factory.support.AbstractBeanFactory.lambda$doGetBean$0(AbstractBeanFactory.java:335) ~[spring-beans-5.3.21.jar:5.3.21]
	at org.springframework.beans.factory.support.DefaultSingletonBeanRegistry.getSingleton(DefaultSingletonBeanRegistry.java:234) ~[spring-beans-5.3.21.jar:5.3.21]
	at org.springframework.beans.factory.support.AbstractBeanFactory.doGetBean(AbstractBeanFactory.java:333) ~[spring-beans-5.3.21.jar:5.3.21]
	at org.springframework.beans.factory.support.AbstractBeanFactory.getBean(AbstractBeanFactory.java:208) ~[spring-beans-5.3.21.jar:5.3.21]
	at org.springframework.beans.factory.config.DependencyDescriptor.resolveCandidate(DependencyDescriptor.java:276) ~[spring-beans-5.3.21.jar:5.3.21]
	at org.springframework.beans.factory.support.DefaultListableBeanFactory.doResolveDependency(DefaultListableBeanFactory.java:1391) ~[spring-beans-5.3.21.jar:5.3.21]
	at org.springframework.beans.factory.support.DefaultListableBeanFactory.resolveDependency(DefaultListableBeanFactory.java:1311) ~[spring-beans-5.3.21.jar:5.3.21]
	at org.springframework.beans.factory.annotation.AutowiredAnnotationBeanPostProcessor$AutowiredFieldElement.resolveFieldValue(AutowiredAnnotationBeanPostProcessor.java:656) ~[spring-beans-5.3.21.jar:5.3.21]
	... 114 common frames omitted
Caused by: org.springframework.beans.factory.BeanCreationException: Error creating bean with name 'mongoTemplate' defined in class path resource [org/springframework/boot/autoconfigure/data/mongo/MongoDatabaseFactoryDependentConfiguration.class]: Bean instantiation via factory method failed; nested exception is org.springframework.beans.BeanInstantiationException: Failed to instantiate [org.springframework.data.mongodb.core.MongoTemplate]: Factory method 'mongoTemplate' threw exception; nested exception is org.springframework.dao.DuplicateKeyException: Write failed with error code 11000 and error message 'Index build failed: 642b5383-acf1-47c8-8c52-a1c8f9c8b0d6: Collection quick_accounting.customers ( 9b0b10e1-7ef0-4f0b-8e1d-253269f96ef1 ) :: caused by :: E11000 duplicate key error collection: quick_accounting.customers index: displayName dup key: { displayName: "siddharth patidat" }'; nested exception is com.mongodb.DuplicateKeyException: Write failed with error code 11000 and error message 'Index build failed: 642b5383-acf1-47c8-8c52-a1c8f9c8b0d6: Collection quick_accounting.customers ( 9b0b10e1-7ef0-4f0b-8e1d-253269f96ef1 ) :: caused by :: E11000 duplicate key error collection: quick_accounting.customers index: displayName dup key: { displayName: "siddharth patidat" }'
	at org.springframework.beans.factory.support.ConstructorResolver.instantiate(ConstructorResolver.java:658) ~[spring-beans-5.3.21.jar:5.3.21]
	at org.springframework.beans.factory.support.ConstructorResolver.instantiateUsingFactoryMethod(ConstructorResolver.java:638) ~[spring-beans-5.3.21.jar:5.3.21]
[...]
	at org.springframework.beans.factory.support.DefaultSingletonBeanRegistry.getSingleton(DefaultSingletonBeanRegistry.java:234) ~[spring-beans-5.3.21.jar:5.3.21]
	at org.springframework.beans.factory.support.AbstractBeanFactory.doGetBean(AbstractBeanFactory.java:333) ~[spring-beans-5.3.21.jar:5.3.21]
	at org.springframework.beans.factory.support.AbstractBeanFactory.getBean(AbstractBeanFactory.java:208) ~[spring-beans-5.3.21.jar:5.3.21]
	at org.springframework.beans.factory.config.DependencyDescriptor.resolveCandidate(DependencyDescriptor.java:276) ~[spring-beans-5.3.21.jar:5.3.21]
	at org.springframework.beans.factory.support.DefaultListableBeanFactory.doResolveDependency(DefaultListableBeanFactory.java:1391) ~[spring-beans-5.3.21.jar:5.3.21]
	at org.springframework.beans.factory.support.DefaultListableBeanFactory.resolveDependency(DefaultListableBeanFactory.java:1311) ~[spring-beans-5.3.21.jar:5.3.21]
	at org.springframework.beans.factory.annotation.AutowiredAnnotationBeanPostProcessor$AutowiredFieldElement.resolveFieldValue(AutowiredAnnotationBeanPostProcessor.java:656) ~[spring-beans-5.3.21.jar:5.3.21]
	... 86 common frames omitted
Caused by: org.springframework.beans.factory.UnsatisfiedDependencyException: Error creating bean with name 'connectionDao': Unsatisfied dependency expressed through field 'connectionRepo'; nested exception is org.springframework.beans.factory.BeanCreationException: Error creating bean with name 'connectionRepositery' defined in com.invoice_acounting.repositery.ConnectionRepositery defined in @EnableMongoRepositories declared on MongoRepositoriesRegistrar.EnableMongoRepositoriesConfiguration: Cannot resolve reference to bean 'mongoTemplate' while setting bean property 'mongoOperations'; nested exception is org.springframework.beans.factory.BeanCreationException: Error creating bean with name 'mongoTemplate' defined in class path resource [org/springframework/boot/autoconfigure/data/mongo/MongoDatabaseFactoryDependentConfiguration.class]: Bean instantiation via factory method failed; nested exception is org.springframework.beans.BeanInstantiationException: Failed to instantiate [org.springframework.data.mongodb.core.MongoTemplate]: Factory method 'mongoTemplate' threw exception; nested exception is org.springframework.dao.DuplicateKeyException: Write failed with error code 11000 and error message 'Index build failed: 642b5383-acf1-47c8-8c52-a1c8f9c8b0d6: Collection quick_accounting.customers ( 9b0b10e1-7ef0-4f0b-8e1d-253269f96ef1 ) :: caused by :: E11000 duplicate key error collection: quick_accounting.customers index: displayName dup key: { displayName: "siddharth patidat" }'; nested exception is com.mongodb.DuplicateKeyException: Write failed with error code 11000 and error message 'Index build failed: 642b5383-acf1-47c8-8c52-a1c8f9c8b0d6: Collection quick_accounting.customers ( 9b0b10e1-7ef0-4f0b-8e1d-253269f96ef1 ) :: caused by :: E11000 duplicate key error collection: quick_accounting.customers index: displayName dup key: { displayName: "siddharth patidat" }'
	at org.springframework.beans.factory.annotation.AutowiredAnnotationBeanPostProcessor$AutowiredFieldElement.resolveFieldValue(AutowiredAnnotationBeanPostProcessor.java:659) ~[spring-beans-5.3.21.jar:5.3.21]
	at org.springframework.beans.factory.annotation.AutowiredAnnotationBeanPostProcessor$AutowiredFieldElement.inject(AutowiredAnnotationBeanPostProcessor.java:639) ~[spring-beans-5.3.21.jar:5.3.21]
	at org.springframework.beans.factory.annotation.InjectionMetadata.inject(InjectionMetadata.java:119) ~[spring-beans-5.3.21.jar:5.3.21]
	at org.springframework.beans.factory.annotation.AutowiredAnnotationBeanPostProcessor.postProcessProperties(AutowiredAnnotationBeanPostProcessor.java:399) ~[spring-beans-5.3.21.jar:5.3.21]
	at org.springframework.beans.factory.support.AbstractAutowireCapableBeanFactory.populateBean(AbstractAutowireCapableBeanFactory.java:1431) ~[spring-beans-5.3.21.jar:5.3.21]
	at org.springframework.beans.factory.support.AbstractAutowireCapableBeanFactory.doCreateBean(AbstractAutowireCapableBeanFactory.java:619) ~[spring-beans-5.3.21.jar:5.3.21]
	at org.springframework.beans.factory.support.AbstractAutowireCapableBeanFactory.createBean(AbstractAutowireCapableBeanFactory.java:542) ~[spring-beans-5.3.21.jar:5.3.21]
	at org.springframework.beans.factory.support.AbstractBeanFactory.lambda$doGetBean$0(AbstractBeanFactory.java:335) ~[spring-beans-5.3.21.jar:5.3.21]
	at org.springframework.beans.factory.support.DefaultSingletonBeanRegistry.getSingleton(DefaultSingletonBeanRegistry.java:234) ~[spring-beans-5.3.21.jar:5.3.21]
	at org.springframework.beans.factory.support.AbstractBeanFactory.doGetBean(AbstractBeanFactory.java:333) ~[spring-beans-5.3.21.jar:5.3.21]
	at org.springframework.beans.factory.support.AbstractBeanFactory.getBean(AbstractBeanFactory.java:208) ~[spring-beans-5.3.21.jar:5.3.21]
	at org.springframework.beans.factory.config.DependencyDescriptor.resolveCandidate(DependencyDescriptor.java:276) ~[spring-beans-5.3.21.jar:5.3.21]
	at org.springframework.beans.factory.support.DefaultListableBeanFactory.doResolveDependency(DefaultListableBeanFactory.java:1391) ~[spring-beans-5.3.21.jar:5.3.21]
	at org.springframework.beans.factory.support.DefaultListableBeanFactory.resolveDependency(DefaultListableBeanFactory.java:1311) ~[spring-beans-5.3.21.jar:5.3.21]
	at org.springframework.beans.factory.annotation.AutowiredAnnotationBeanPostProcessor$AutowiredFieldElement.resolveFieldValue(AutowiredAnnotationBeanPostProcessor.java:656) ~[spring-beans-5.3.21.jar:5.3.21]
	... 100 common frames omitted
Caused by: org.springframework.beans.factory.BeanCreationException: Error creating bean with name 'connectionRepositery' defined in com.invoice_acounting.repositery.ConnectionRepositery defined in @EnableMongoRepositories declared on MongoRepositoriesRegistrar.EnableMongoRepositoriesConfiguration: Cannot resolve reference to bean 'mongoTemplate' while setting bean property 'mongoOperations'; nested exception is org.springframework.beans.factory.BeanCreationException: Error creating bean with name 'mongoTemplate' defined in class path resource [org/springframework/boot/autoconfigure/data/mongo/MongoDatabaseFactoryDependentConfiguration.class]: Bean instantiation via factory method failed; nested exception is org.springframework.beans.BeanInstantiationException: Failed to instantiate [org.springframework.data.mongodb.core.MongoTemplate]: Factory method 'mongoTemplate' threw exception; nested exception is org.springframework.dao.DuplicateKeyException: Write failed with error code 11000 and error message 'Index build failed: 642b5383-acf1-47c8-8c52-a1c8f9c8b0d6: Collection quick_accounting.customers ( 9b0b10e1-7ef0-4f0b-8e1d-253269f96ef1 ) :: caused by :: E11000 duplicate key error collection: quick_accounting.customers index: displayName dup key: { displayName: "siddharth patidat" }'; nested exception is com.mongodb.DuplicateKeyException: Write failed with error code 11000 and error message 'Index build failed: 642b5383-acf1-47c8-8c52-a1c8f9c8b0d6: Collection quick_accounting.customers ( 9b0b10e1-7ef0-4f0b-8e1d-253269f96ef1 ) :: caused by :: E11000 duplicate key error collection: quick_accounting.customers index: displayName dup key: { displayName: "siddharth patidat" }'
	at org.springframework.beans.factory.support.BeanDefinitionValueResolver.resolveReference(BeanDefinitionValueResolver.java:342) ~[spring-beans-5.3.21.jar:5.3.21]
	at org.springframework.beans.factory.support.BeanDefinitionValueResolver.resolveValueIfNecessary(BeanDefinitionValueResolver.java:113) ~[spring-beans-5.3.21.jar:5.3.21]
	at org.springframework.beans.factory.support.AbstractAutowireCapableBeanFactory.applyPropertyValues(AbstractAutowireCapableBeanFactory.java:1707) ~[spring-beans-5.3.21.jar:5.3.21]
	at org.springframework.beans.factory.support.AbstractAutowireCapableBeanFactory.populateBean(AbstractAutowireCapableBeanFactory.java:1452) ~[spring-beans-5.3.21.jar:5.3.21]
	at org.springframework.beans.factory.support.AbstractAutowireCapableBeanFactory.doCreateBean(AbstractAutowireCapableBeanFactory.java:619) ~[spring-beans-5.3.21.jar:5.3.21]
	at org.springframework.beans.factory.support.AbstractAutowireCapableBeanFactory.createBean(AbstractAutowireCapableBeanFactory.java:542) ~[spring-beans-5.3.21.jar:5.3.21]
	at org.springframework.beans.factory.support.AbstractBeanFactory.lambda$doGetBean$0(AbstractBeanFactory.java:335) ~[spring-beans-5.3.21.jar:5.3.21]
	at org.springframework.beans.factory.support.DefaultSingletonBeanRegistry.getSingleton(DefaultSingletonBeanRegistry.java:234) ~[spring-beans-5.3.21.jar:5.3.21]
	at org.springframework.beans.factory.support.AbstractBeanFactory.doGetBean(AbstractBeanFactory.java:333) ~[spring-beans-5.3.21.jar:5.3.21]
	at org.springframework.beans.factory.support.AbstractBeanFactory.getBean(AbstractBeanFactory.java:208) ~[spring-beans-5.3.21.jar:5.3.21]
	at org.springframework.beans.factory.config.DependencyDescriptor.resolveCandidate(DependencyDescriptor.java:276) ~[spring-beans-5.3.21.jar:5.3.21]
	at org.springframework.beans.factory.support.DefaultListableBeanFactory.doResolveDependency(DefaultListableBeanFactory.java:1391) ~[spring-beans-5.3.21.jar:5.3.21]
	at org.springframework.beans.factory.support.DefaultListableBeanFactory.resolveDependency(DefaultListableBeanFactory.java:1311) ~[spring-beans-5.3.21.jar:5.3.21]
	at org.springframework.beans.factory.annotation.AutowiredAnnotationBeanPostProcessor$AutowiredFieldElement.resolveFieldValue(AutowiredAnnotationBeanPostProcessor.java:656) ~[spring-beans-5.3.21.jar:5.3.21]
	... 114 common frames omitted
Caused by: org.springframework.beans.factory.BeanCreationException: Error creating bean with name 'mongoTemplate' defined in class path resource [org/springframework/boot/autoconfigure/data/mongo/MongoDatabaseFactoryDependentConfiguration.class]: Bean instantiation via factory method failed; nested exception is org.springframework.beans.BeanInstantiationException: Failed to instantiate [org.springframework.data.mongodb.core.MongoTemplate]: Factory method 'mongoTemplate' threw exception; nested exception is org.springframework.dao.DuplicateKeyException: Write failed with error code 11000 and error message 'Index build failed: 642b5383-acf1-47c8-8c52-a1c8f9c8b0d6: Collection quick_accounting.customers ( 9b0b10e1-7ef0-4f0b-8e1d-253269f96ef1 ) :: caused by :: E11000 duplicate key error collection: quick_accounting.customers index: displayName dup key: { displayName: "siddharth patidat" }'; nested exception is com.mongodb.DuplicateKeyException: Write failed with error code 11000 and error message 'Index build failed: 642b5383-acf1-47c8-8c52-a1c8f9c8b0d6: Collection quick_accounting.customers ( 9b0b10e1-7ef0-4f0b-8e1d-253269f96ef1 ) :: caused by :: E11000 duplicate key error collection: quick_accounting.customers index: displayName dup key: { displayName: "siddharth patidat" }'
	at org.springframework.beans.factory.support.ConstructorResolver.instantiate(ConstructorResolver.java:658) ~[spring-beans-5.3.21.jar:5.3.21]
	at org.springframework.beans.factory.support.ConstructorResolver.instantiateUsingFactoryMethod(ConstructorResolver.java:638) ~[spring-beans-5.3.21.jar:5.3.21]
	at org.springframework.beans.factory.support.AbstractAutowireCapableBeanFactory.instantiateUsingFactoryMethod(AbstractAutowireCapableBeanFactory.java:1352) ~[spring-beans-5.3.21.jar:5.3.21]
	at org.springframework.beans.factory.support.AbstractAutowireCapableBeanFactory.createBeanInstance(AbstractAutowireCapableBeanFactory.java:1195) ~[spring-beans-5.3.21.jar:5.3.21]
	at org.springframework.beans.factory.support.AbstractAutowireCapableBeanFactory.doCreateBean(AbstractAutowireCapableBeanFactory.java:582) ~[spring-beans-5.3.21.jar:5.3.21]
	at org.springframework.beans.factory.support.AbstractAutowireCapableBeanFactory.createBean(AbstractAutowireCapableBeanFactory.java:542) ~[spring-beans-5.3.21.jar:5.3.21]
	at org.springframework.beans.factory.support.AbstractBeanFactory.lambda$doGetBean$0(AbstractBeanFactory.java:335) ~[spring-beans-5.3.21.jar:5.3.21]
	at org.springframework.beans.factory.support.DefaultSingletonBeanRegistry.getSingleton(DefaultSingletonBeanRegistry.java:234) ~[spring-beans-5.3.21.jar:5.3.21]
	at org.springframework.beans.factory.support.AbstractBeanFactory.doGetBean(AbstractBeanFactory.java:333) ~[spring-beans-5.3.21.jar:5.3.21]
	at org.springframework.beans.factory.support.AbstractBeanFactory.getBean(AbstractBeanFactory.java:208) ~[spring-beans-5.3.21.jar:5.3.21]
	at org.springframework.beans.factory.support.BeanDefinitionValueResolver.resolveReference(BeanDefinitionValueResolver.java:330) ~[spring-beans-5.3.21.jar:5.3.21]
	... 127 common frames omitted
Caused by: org.springframework.beans.BeanInstantiationException: Failed to instantiate [org.springframework.data.mongodb.core.MongoTemplate]: Factory method 'mongoTemplate' threw exception; nested exception is org.springframework.dao.DuplicateKeyException: Write failed with error code 11000 and error message 'Index build failed: 642b5383-acf1-47c8-8c52-a1c8f9c8b0d6: Collection quick_accounting.customers ( 9b0b10e1-7ef0-4f0b-8e1d-253269f96ef1 ) :: caused by :: E11000 duplicate key error collection: quick_accounting.customers index: displayName dup key: { displayName: "siddharth patidat" }'; nested exception is com.mongodb.DuplicateKeyException: Write failed with error code 11000 and error message 'Index build failed: 642b5383-acf1-47c8-8c52-a1c8f9c8b0d6: Collection quick_accounting.customers ( 9b0b10e1-7ef0-4f0b-8e1d-253269f96ef1 ) :: caused by :: E11000 duplicate key error collection: quick_accounting.customers index: displayName dup key: { displayName: "siddharth patidat" }'
	at org.springframework.beans.factory.support.SimpleInstantiationStrategy.instantiate(SimpleInstantiationStrategy.java:185) ~[spring-beans-5.3.21.jar:5.3.21]
	at org.springframework.beans.factory.support.ConstructorResolver.instantiate(ConstructorResolver.java:653) ~[spring-beans-5.3.21.jar:5.3.21]
	... 137 common frames omitted
Caused by: org.springframework.dao.DuplicateKeyException: Write failed with error code 11000 and error message 'Index build failed: 642b5383-acf1-47c8-8c52-a1c8f9c8b0d6: Collection quick_accounting.customers ( 9b0b10e1-7ef0-4f0b-8e1d-253269f96ef1 ) :: caused by :: E11000 duplicate key error collection: quick_accounting.customers index: displayName dup key: { displayName: "siddharth patidat" }'; nested exception is com.mongodb.DuplicateKeyException: Write failed with error code 11000 and error message 'Index build failed: 642b5383-acf1-47c8-8c52-a1c8f9c8b0d6: Collection quick_accounting.customers ( 9b0b10e1-7ef0-4f0b-8e1d-253269f96ef1 ) :: caused by :: E11000 duplicate key error collection: quick_accounting.customers index: displayName dup key: { displayName: "siddharth patidat" }'
	at org.springframework.data.mongodb.core.MongoExceptionTranslator.translateExceptionIfPossible(MongoExceptionTranslator.java:91) ~[spring-data-mongodb-3.4.1.jar:3.4.1]
	at org.springframework.data.mongodb.core.MongoTemplate.potentiallyConvertRuntimeException(MongoTemplate.java:3044) ~[spring-data-mongodb-3.4.1.jar:3.4.1]
	at org.springframework.data.mongodb.core.MongoTemplate.execute(MongoTemplate.java:600) ~[spring-data-mongodb-3.4.1.jar:3.4.1]
	at org.springframework.data.mongodb.core.DefaultIndexOperations.execute(DefaultIndexOperations.java:214) ~[spring-data-mongodb-3.4.1.jar:3.4.1]
	at org.springframework.data.mongodb.core.DefaultIndexOperations.ensureIndex(DefaultIndexOperations.java:121) ~[spring-data-mongodb-3.4.1.jar:3.4.1]
	at org.springframework.data.mongodb.core.index.MongoPersistentEntityIndexCreator.createIndex(MongoPersistentEntityIndexCreator.java:157) ~[spring-data-mongodb-3.4.1.jar:3.4.1]
	at org.springframework.data.mongodb.core.index.MongoPersistentEntityIndexCreator.checkForAndCreateIndexes(MongoPersistentEntityIndexCreator.java:147) ~[spring-data-mongodb-3.4.1.jar:3.4.1]
	at org.springframework.data.mongodb.core.index.MongoPersistentEntityIndexCreator.checkForIndexes(MongoPersistentEntityIndexCreator.java:131) ~[spring-data-mongodb-3.4.1.jar:3.4.1]
	at org.springframework.data.mongodb.core.index.MongoPersistentEntityIndexCreator.<init>(MongoPersistentEntityIndexCreator.java:96) ~[spring-data-mongodb-3.4.1.jar:3.4.1]
	at org.springframework.data.mongodb.core.index.MongoPersistentEntityIndexCreator.<init>(MongoPersistentEntityIndexCreator.java:73) ~[spring-data-mongodb-3.4.1.jar:3.4.1]
	at org.springframework.data.mongodb.core.MongoTemplate.<init>(MongoTemplate.java:243) ~[spring-data-mongodb-3.4.1.jar:3.4.1]
	at org.springframework.boot.autoconfigure.data.mongo.MongoDatabaseFactoryDependentConfiguration.mongoTemplate(MongoDatabaseFactoryDependentConfiguration.java:63) ~[spring-boot-autoconfigure-2.7.1.jar:2.7.1]
	at java.base/jdk.internal.reflect.NativeMethodAccessorImpl.invoke0(Native Method) ~[na:na]
	at java.base/jdk.internal.reflect.NativeMethodAccessorImpl.invoke(NativeMethodAccessorImpl.java:77) ~[na:na]
	at java.base/jdk.internal.reflect.DelegatingMethodAccessorImpl.invoke(DelegatingMethodAccessorImpl.java:43) ~[na:na]
	at java.base/java.lang.reflect.Method.invoke(Method.java:568) ~[na:na]
	at org.springframework.beans.factory.support.SimpleInstantiationStrategy.instantiate(SimpleInstantiationStrategy.java:154) ~[spring-beans-5.3.21.jar:5.3.21]
	... 138 common frames omitted
Caused by: com.mongodb.DuplicateKeyException: Write failed with error code 11000 and error message 'Index build failed: 642b5383-acf1-47c8-8c52-a1c8f9c8b0d6: Collection quick_accounting.customers ( 9b0b10e1-7ef0-4f0b-8e1d-253269f96ef1 ) :: caused by :: E11000 duplicate key error collection: quick_accounting.customers index: displayName dup key: { displayName: "siddharth patidat" }'
	at com.mongodb.internal.operation.CreateIndexesOperation.checkForDuplicateKeyError(CreateIndexesOperation.java:338) ~[mongodb-driver-core-4.6.1.jar:na]
	at com.mongodb.internal.operation.CreateIndexesOperation.access$300(CreateIndexesOperation.java:72) ~[mongodb-driver-core-4.6.1.jar:na]
	at com.mongodb.internal.operation.CreateIndexesOperation$1.call(CreateIndexesOperation.java:200) ~[mongodb-driver-core-4.6.1.jar:na]
	at com.mongodb.internal.operation.CreateIndexesOperation$1.call(CreateIndexesOperation.java:192) ~[mongodb-driver-core-4.6.1.jar:na]
	at com.mongodb.internal.operation.OperationHelper.withConnectionSource(OperationHelper.java:556) ~[mongodb-driver-core-4.6.1.jar:na]
	at com.mongodb.internal.operation.OperationHelper.withConnection(OperationHelper.java:547) ~[mongodb-driver-core-4.6.1.jar:na]
	at com.mongodb.internal.operation.CreateIndexesOperation.execute(CreateIndexesOperation.java:192) ~[mongodb-driver-core-4.6.1.jar:na]
	at com.mongodb.internal.operation.CreateIndexesOperation.execute(CreateIndexesOperation.java:72) ~[mongodb-driver-core-4.6.1.jar:na]
	at com.mongodb.client.internal.MongoClientDelegate$DelegateOperationExecutor.execute(MongoClientDelegate.java:212) ~[mongodb-driver-sync-4.6.1.jar:na]
	at com.mongodb.client.internal.MongoCollectionImpl.executeCreateIndexes(MongoCollectionImpl.java:848) ~[mongodb-driver-sync-4.6.1.jar:na]
	at com.mongodb.client.internal.MongoCollectionImpl.createIndexes(MongoCollectionImpl.java:831) ~[mongodb-driver-sync-4.6.1.jar:na]
	at com.mongodb.client.internal.MongoCollectionImpl.createIndexes(MongoCollectionImpl.java:826) ~[mongodb-driver-sync-4.6.1.jar:na]
	at com.mongodb.client.internal.MongoCollectionImpl.createIndex(MongoCollectionImpl.java:811) ~[mongodb-driver-sync-4.6.1.jar:na]
	at org.springframework.data.mongodb.core.DefaultIndexOperations.lambda$ensureIndex$0(DefaultIndexOperations.java:131) ~[spring-data-mongodb-3.4.1.jar:3.4.1]
	at org.springframework.data.mongodb.core.MongoTemplate.execute(MongoTemplate.java:598) ~[spring-data-mongodb-3.4.1.jar:3.4.1]
	... 152 common frames omitted

]]></system-out>
  </testcase>
</testsuite>